{"target": -0.2432934745152754, "params": {"ff_dim": 109.08954518504865}, "datetime": {"datetime": "2020-10-20 16:18:11", "elapsed": 0.0, "delta": 0.0}}
{"target": -0.24202273209889935, "params": {"ff_dim": 185.52177234742385}, "datetime": {"datetime": "2020-10-20 16:20:23", "elapsed": 132.269386, "delta": 132.269386}}
{"target": -0.26936926841735465, "params": {"ff_dim": 4.028822453970911}, "datetime": {"datetime": "2020-10-20 16:22:25", "elapsed": 254.736865, "delta": 122.467479}}
{"target": -0.22884753068287778, "params": {"ff_dim": 80.18780830322362}, "datetime": {"datetime": "2020-10-20 16:24:30", "elapsed": 379.303161, "delta": 124.566296}}
{"target": -0.20027846018472928, "params": {"ff_dim": 40.98248448591249}, "datetime": {"datetime": "2020-10-20 16:26:30", "elapsed": 499.476458, "delta": 120.173297}}
{"target": -0.33671434720356874, "params": {"ff_dim": 27.269325881737046}, "datetime": {"datetime": "2020-10-20 16:28:28", "elapsed": 617.598038, "delta": 118.12158}}
{"target": -0.2158720612525949, "params": {"ff_dim": 50.937573267173065}, "datetime": {"datetime": "2020-10-20 16:30:28", "elapsed": 737.523518, "delta": 119.92548}}
{"target": -0.13887758016586638, "params": {"ff_dim": 91.08130321484803}, "datetime": {"datetime": "2020-10-20 16:32:32", "elapsed": 861.630396, "delta": 124.106878}}
{"target": -0.4131273619333865, "params": {"ff_dim": 103.98540350612882}, "datetime": {"datetime": "2020-10-20 16:34:40", "elapsed": 989.293506, "delta": 127.66311}}
{"target": -0.23222626447677702, "params": {"ff_dim": 139.78181696884596}, "datetime": {"datetime": "2020-10-20 16:36:49", "elapsed": 1118.145183, "delta": 128.851677}}
{"target": -0.24450619061787549, "params": {"ff_dim": 109.6370176296303}, "datetime": {"datetime": "2020-10-20 16:38:55", "elapsed": 1244.316944, "delta": 126.171761}}
{"target": -0.14493430852890105, "params": {"ff_dim": 176.67531409998338}, "datetime": {"datetime": "2020-10-20 16:41:04", "elapsed": 1373.952888, "delta": 129.635944}}
{"target": -0.2177134259541792, "params": {"ff_dim": 55.521966932342394}, "datetime": {"datetime": "2020-10-20 16:43:08", "elapsed": 1497.820301, "delta": 123.867413}}
{"target": -0.24401698430379437, "params": {"ff_dim": 225.28559397051825}, "datetime": {"datetime": "2020-10-20 16:45:19", "elapsed": 1628.703605, "delta": 130.883304}}
{"target": -0.22004235982894987, "params": {"ff_dim": 10.901673485877392}, "datetime": {"datetime": "2020-10-20 16:47:20", "elapsed": 1749.869569, "delta": 121.165964}}
{"target": -0.30631916205087906, "params": {"ff_dim": 172.95781256495735}, "datetime": {"datetime": "2020-10-20 16:49:29", "elapsed": 1878.13023, "delta": 128.260661}}
{"target": -0.36952395280201855, "params": {"ff_dim": 109.160810196516}, "datetime": {"datetime": "2020-10-20 16:51:35", "elapsed": 2004.619295, "delta": 126.489065}}
{"target": -0.19285197257995695, "params": {"ff_dim": 144.78983676832942}, "datetime": {"datetime": "2020-10-20 16:53:43", "elapsed": 2132.031177, "delta": 127.411882}}
{"target": -0.3958574883143068, "params": {"ff_dim": 39.37750852599891}, "datetime": {"datetime": "2020-10-20 16:55:44", "elapsed": 2253.147333, "delta": 121.116156}}
{"target": -0.2327326981226564, "params": {"ff_dim": 53.921575249389456}, "datetime": {"datetime": "2020-10-20 16:57:49", "elapsed": 2378.907714, "delta": 125.760381}}
{"target": -0.5337304576237959, "params": {"ff_dim": 205.78763130623526}, "datetime": {"datetime": "2020-10-20 16:59:59", "elapsed": 2508.301402, "delta": 129.393688}}
{"target": -0.2627037286758432, "params": {"ff_dim": 248.00191708128818}, "datetime": {"datetime": "2020-10-20 17:02:11", "elapsed": 2640.025207, "delta": 131.723805}}
{"target": -0.36835235277811307, "params": {"ff_dim": 82.9828928961292}, "datetime": {"datetime": "2020-10-20 17:04:17", "elapsed": 2766.208974, "delta": 126.183767}}
{"target": -0.25698187669117856, "params": {"ff_dim": 178.46529914866716}, "datetime": {"datetime": "2020-10-20 17:06:24", "elapsed": 2893.381645, "delta": 127.172671}}
{"target": -0.22897453149159375, "params": {"ff_dim": 224.85006637860167}, "datetime": {"datetime": "2020-10-20 17:08:36", "elapsed": 3025.139485, "delta": 131.75784}}
{"target": -0.3350442918141644, "params": {"ff_dim": 229.4408792029695}, "datetime": {"datetime": "2020-10-20 17:10:46", "elapsed": 3155.127223, "delta": 129.987738}}
{"target": -0.27043829441070766, "params": {"ff_dim": 25.431141265184035}, "datetime": {"datetime": "2020-10-20 17:12:47", "elapsed": 3276.503619, "delta": 121.376396}}
{"target": -0.1623145786921144, "params": {"ff_dim": 13.841805374686356}, "datetime": {"datetime": "2020-10-20 17:14:49", "elapsed": 3398.776992, "delta": 122.273373}}
{"target": -0.1876183001200319, "params": {"ff_dim": 46.79726573027136}, "datetime": {"datetime": "2020-10-20 17:16:54", "elapsed": 3523.464404, "delta": 124.687412}}
{"target": -0.20043320655822844, "params": {"ff_dim": 225.2919108642121}, "datetime": {"datetime": "2020-10-20 17:19:05", "elapsed": 3654.777855, "delta": 131.313451}}
{"target": -0.17805857499440858, "params": {"ff_dim": 28.783402125928625}, "datetime": {"datetime": "2020-10-20 17:21:08", "elapsed": 3777.705673, "delta": 122.927818}}
{"target": -0.28933910608291835, "params": {"ff_dim": 110.11912150127314}, "datetime": {"datetime": "2020-10-20 17:23:15", "elapsed": 3904.944456, "delta": 127.238783}}
{"target": -0.20785475969314665, "params": {"ff_dim": 245.38816159792648}, "datetime": {"datetime": "2020-10-20 17:25:26", "elapsed": 4035.451174, "delta": 130.506718}}
{"target": -0.2297465594609599, "params": {"ff_dim": 138.3576518132003}, "datetime": {"datetime": "2020-10-20 17:27:37", "elapsed": 4166.284176, "delta": 130.833002}}
{"target": -0.18102134307225892, "params": {"ff_dim": 178.35303271551928}, "datetime": {"datetime": "2020-10-20 17:29:46", "elapsed": 4295.208451, "delta": 128.924275}}
{"target": -0.20235119342804164, "params": {"ff_dim": 83.50993901352786}, "datetime": {"datetime": "2020-10-20 17:31:50", "elapsed": 4419.938415, "delta": 124.729964}}
{"target": -0.3152003876368167, "params": {"ff_dim": 176.99823377575908}, "datetime": {"datetime": "2020-10-20 17:33:59", "elapsed": 4548.111016, "delta": 128.172601}}
{"target": -0.21538115739822478, "params": {"ff_dim": 214.32566931813798}, "datetime": {"datetime": "2020-10-20 17:36:13", "elapsed": 4682.04484, "delta": 133.933824}}
{"target": -0.32896043697993316, "params": {"ff_dim": 8.608645890736335}, "datetime": {"datetime": "2020-10-20 17:38:15", "elapsed": 4804.588294, "delta": 122.543454}}
{"target": -0.1927702546119699, "params": {"ff_dim": 193.0363673661318}, "datetime": {"datetime": "2020-10-20 17:40:28", "elapsed": 4937.701366, "delta": 133.113072}}
{"target": -0.21891183853149504, "params": {"ff_dim": 225.7595687179848}, "datetime": {"datetime": "2020-10-20 17:42:43", "elapsed": 5072.240616, "delta": 134.53925}}
{"target": -0.29663948694864517, "params": {"ff_dim": 224.2452010105078}, "datetime": {"datetime": "2020-10-20 17:44:55", "elapsed": 5204.12913, "delta": 131.888514}}
{"target": -0.16102356910705656, "params": {"ff_dim": 108.38951525117375}, "datetime": {"datetime": "2020-10-20 17:47:03", "elapsed": 5332.938284, "delta": 128.809154}}
{"target": -0.2810463412602705, "params": {"ff_dim": 175.8919291580017}, "datetime": {"datetime": "2020-10-20 17:49:15", "elapsed": 5464.407846, "delta": 131.469562}}
{"target": -0.28362820625305385, "params": {"ff_dim": 90.25952614202917}, "datetime": {"datetime": "2020-10-20 17:51:21", "elapsed": 5590.882892, "delta": 126.475046}}
{"target": -0.19775585412979335, "params": {"ff_dim": 46.802478899596764}, "datetime": {"datetime": "2020-10-20 17:53:24", "elapsed": 5713.61452, "delta": 122.731628}}
{"target": -0.2774819540977499, "params": {"ff_dim": 46.08145693028867}, "datetime": {"datetime": "2020-10-20 17:55:29", "elapsed": 5837.99365, "delta": 124.37913}}
{"target": -0.3036032311121585, "params": {"ff_dim": 91.95910345126362}, "datetime": {"datetime": "2020-10-20 17:57:34", "elapsed": 5963.364687, "delta": 125.371037}}
{"target": -0.19047422250111523, "params": {"ff_dim": 14.768800512888157}, "datetime": {"datetime": "2020-10-20 17:59:38", "elapsed": 6087.367478, "delta": 124.002791}}
{"target": -0.47529274145761746, "params": {"ff_dim": 12.960332387611505}, "datetime": {"datetime": "2020-10-20 18:01:44", "elapsed": 6213.140872, "delta": 125.773394}}
{"target": -0.23273391723632902, "params": {"ff_dim": 29.710535010895597}, "datetime": {"datetime": "2020-10-20 18:03:47", "elapsed": 6336.41997, "delta": 123.279098}}
{"target": -0.45138089338938003, "params": {"ff_dim": 84.48400496995191}, "datetime": {"datetime": "2020-10-20 18:05:52", "elapsed": 6461.789001, "delta": 125.369031}}
{"target": -0.2101084693272871, "params": {"ff_dim": 194.01595260782867}, "datetime": {"datetime": "2020-10-20 18:08:03", "elapsed": 6592.811933, "delta": 131.022932}}
{"target": -0.2960542885462404, "params": {"ff_dim": 162.04878129948094}, "datetime": {"datetime": "2020-10-20 18:10:12", "elapsed": 6721.315777, "delta": 128.503844}}
{"target": -0.39871256033579117, "params": {"ff_dim": 143.81655201722046}, "datetime": {"datetime": "2020-10-20 18:12:23", "elapsed": 6852.137735, "delta": 130.821958}}
{"target": -0.20930918057759218, "params": {"ff_dim": 145.75780726312794}, "datetime": {"datetime": "2020-10-20 18:14:30", "elapsed": 6979.517586, "delta": 127.379851}}
{"target": -0.30155722777048355, "params": {"ff_dim": 15.760176761681954}, "datetime": {"datetime": "2020-10-20 18:16:33", "elapsed": 7102.261416, "delta": 122.74383}}
{"target": -0.2839603869120241, "params": {"ff_dim": 242.2575775030415}, "datetime": {"datetime": "2020-10-20 18:18:45", "elapsed": 7234.4857, "delta": 132.224284}}
{"target": -0.35597879727681103, "params": {"ff_dim": 192.0573159496501}, "datetime": {"datetime": "2020-10-20 18:20:54", "elapsed": 7363.35638, "delta": 128.87068}}
{"target": -0.1983684094746928, "params": {"ff_dim": 41.96685899898268}, "datetime": {"datetime": "2020-10-20 18:22:56", "elapsed": 7485.075083, "delta": 121.718703}}
{"target": -0.2491711560885147, "params": {"ff_dim": 91.08306511996143}, "datetime": {"datetime": "2020-10-20 18:25:02", "elapsed": 7611.740309, "delta": 126.665226}}
{"target": -0.26233751614888856, "params": {"ff_dim": 91.01415992828649}, "datetime": {"datetime": "2020-10-20 18:27:11", "elapsed": 7740.65763, "delta": 128.917321}}
{"target": -0.31937782446542984, "params": {"ff_dim": 225.3850417842287}, "datetime": {"datetime": "2020-10-20 18:29:22", "elapsed": 7871.855954, "delta": 131.198324}}
{"target": -0.2451567443211894, "params": {"ff_dim": 13.742341221187578}, "datetime": {"datetime": "2020-10-20 18:31:25", "elapsed": 7994.782359, "delta": 122.926405}}
{"target": -0.24237507502237576, "params": {"ff_dim": 53.92151845654803}, "datetime": {"datetime": "2020-10-20 18:33:29", "elapsed": 8118.834183, "delta": 124.051824}}
{"target": -0.22077996730804533, "params": {"ff_dim": 53.942477831231685}, "datetime": {"datetime": "2020-10-20 18:35:31", "elapsed": 8240.578909, "delta": 121.744726}}
{"target": -0.17637414932251066, "params": {"ff_dim": 108.42573233710515}, "datetime": {"datetime": "2020-10-20 18:37:37", "elapsed": 8366.783692, "delta": 126.204783}}
{"target": -0.2783438666661543, "params": {"ff_dim": 91.05799018122262}, "datetime": {"datetime": "2020-10-20 18:39:43", "elapsed": 8492.543069, "delta": 125.759377}}
{"target": -0.2131981015205403, "params": {"ff_dim": 178.31146768321085}, "datetime": {"datetime": "2020-10-20 18:41:54", "elapsed": 8623.095806, "delta": 130.552737}}
{"target": -0.25276965697606035, "params": {"ff_dim": 13.881229873992021}, "datetime": {"datetime": "2020-10-20 18:43:56", "elapsed": 8745.11378, "delta": 122.017974}}
{"target": -0.3190401045481325, "params": {"ff_dim": 176.63274891920332}, "datetime": {"datetime": "2020-10-20 18:46:06", "elapsed": 8874.959505, "delta": 129.845725}}
{"target": -0.4771879108746866, "params": {"ff_dim": 176.71217742675566}, "datetime": {"datetime": "2020-10-20 18:48:15", "elapsed": 9004.535738, "delta": 129.576233}}
{"target": -0.38151542822519546, "params": {"ff_dim": 108.34619928859686}, "datetime": {"datetime": "2020-10-20 18:50:24", "elapsed": 9133.43397, "delta": 128.898232}}
{"target": -0.27243833223978287, "params": {"ff_dim": 28.73948570976775}, "datetime": {"datetime": "2020-10-20 18:52:28", "elapsed": 9257.711025, "delta": 124.277055}}
{"target": -0.23781710783640164, "params": {"ff_dim": 13.79619888529494}, "datetime": {"datetime": "2020-10-20 18:54:30", "elapsed": 9379.665001, "delta": 121.953976}}
{"target": -0.31897036711374527, "params": {"ff_dim": 108.4702754362168}, "datetime": {"datetime": "2020-10-20 18:56:36", "elapsed": 9505.071058, "delta": 125.406057}}
{"target": -0.42036168257395035, "params": {"ff_dim": 178.3938984021888}, "datetime": {"datetime": "2020-10-20 18:58:47", "elapsed": 9636.059719, "delta": 130.988661}}
{"target": -0.31293684164682645, "params": {"ff_dim": 192.99615632482903}, "datetime": {"datetime": "2020-10-20 19:00:57", "elapsed": 9766.513366, "delta": 130.453647}}
{"target": -0.2200323120752934, "params": {"ff_dim": 28.820191560674807}, "datetime": {"datetime": "2020-10-20 19:02:59", "elapsed": 9888.759406, "delta": 122.24604}}
{"target": -0.26265875021616225, "params": {"ff_dim": 193.07466926923962}, "datetime": {"datetime": "2020-10-20 19:05:10", "elapsed": 10019.217055, "delta": 130.457649}}
