{"target": -0.439489900271094, "params": {"d_k": 173.83802396029253}, "datetime": {"datetime": "2020-10-20 00:10:04", "elapsed": 0.0, "delta": 0.0}}
{"target": -0.439489900271094, "params": {"d_k": 173.83802396029253}, "datetime": {"datetime": "2020-10-20 00:10:04", "elapsed": 0.001001, "delta": 0.001001}}
{"target": -0.439489900271094, "params": {"d_k": 173.83802396029253}, "datetime": {"datetime": "2020-10-20 00:10:04", "elapsed": 0.001001, "delta": 0.0}}
{"target": -0.439489900271094, "params": {"d_k": 173.83802396029253}, "datetime": {"datetime": "2020-10-20 00:10:04", "elapsed": 0.001001, "delta": 0.0}}
{"target": -0.439489900271094, "params": {"d_k": 173.83802396029253}, "datetime": {"datetime": "2020-10-20 00:10:04", "elapsed": 0.001001, "delta": 0.0}}
{"target": -0.439489900271094, "params": {"d_k": 173.83802396029253}, "datetime": {"datetime": "2020-10-20 00:10:04", "elapsed": 0.005004, "delta": 0.004003}}
{"target": -0.439489900271094, "params": {"d_k": 173.83802396029253}, "datetime": {"datetime": "2020-10-20 00:10:04", "elapsed": 0.005004, "delta": 0.0}}
{"target": -0.439489900271094, "params": {"d_k": 173.83802396029253}, "datetime": {"datetime": "2020-10-20 00:10:04", "elapsed": 0.005004, "delta": 0.0}}
{"target": -0.439489900271094, "params": {"d_k": 173.83802396029253}, "datetime": {"datetime": "2020-10-20 00:10:04", "elapsed": 0.005004, "delta": 0.0}}
{"target": -0.439489900271094, "params": {"d_k": 173.83802396029253}, "datetime": {"datetime": "2020-10-20 00:10:04", "elapsed": 0.006005, "delta": 0.001001}}
{"target": -0.2927962144215863, "params": {"d_k": 109.6370176296303}, "datetime": {"datetime": "2020-10-20 00:12:17", "elapsed": 132.612611, "delta": 132.606606}}
{"target": -0.27582673708597427, "params": {"d_k": 176.67531409998338}, "datetime": {"datetime": "2020-10-20 00:14:33", "elapsed": 269.451369, "delta": 136.838758}}
{"target": -0.23556182384491164, "params": {"d_k": 55.521966932342394}, "datetime": {"datetime": "2020-10-20 00:16:40", "elapsed": 396.129582, "delta": 126.678213}}
{"target": -0.21423117001851022, "params": {"d_k": 225.28559397051825}, "datetime": {"datetime": "2020-10-20 00:19:04", "elapsed": 539.975409, "delta": 143.845827}}
{"target": -0.35258487939834804, "params": {"d_k": 10.901673485877392}, "datetime": {"datetime": "2020-10-20 00:21:09", "elapsed": 664.835177, "delta": 124.859768}}
{"target": -0.22243243376413602, "params": {"d_k": 172.95781256495735}, "datetime": {"datetime": "2020-10-20 00:23:26", "elapsed": 802.507643, "delta": 137.672466}}
{"target": -0.25963846365610366, "params": {"d_k": 109.160810196516}, "datetime": {"datetime": "2020-10-20 00:25:38", "elapsed": 933.790046, "delta": 131.282403}}
{"target": -0.18760864416757828, "params": {"d_k": 144.78983676832942}, "datetime": {"datetime": "2020-10-20 00:27:51", "elapsed": 1066.926132, "delta": 133.136086}}
{"target": -0.18320558547973842, "params": {"d_k": 39.37750852599891}, "datetime": {"datetime": "2020-10-20 00:29:57", "elapsed": 1193.324092, "delta": 126.39796}}
{"target": -0.1665086269378671, "params": {"d_k": 53.921575249389456}, "datetime": {"datetime": "2020-10-20 00:32:05", "elapsed": 1321.234428, "delta": 127.910336}}
{"target": -0.23019295851389188, "params": {"d_k": 205.78763130623526}, "datetime": {"datetime": "2020-10-20 00:34:23", "elapsed": 1458.955689, "delta": 137.721261}}
{"target": -0.39033023039499526, "params": {"d_k": 248.00191708128818}, "datetime": {"datetime": "2020-10-20 00:36:42", "elapsed": 1598.277507, "delta": 139.321818}}
{"target": -0.3135352834065718, "params": {"d_k": 82.9828928961292}, "datetime": {"datetime": "2020-10-20 00:38:52", "elapsed": 1727.758269, "delta": 129.480762}}
{"target": -0.2097377586364767, "params": {"d_k": 178.46529914866716}, "datetime": {"datetime": "2020-10-20 00:41:10", "elapsed": 1866.504462, "delta": 138.746193}}
{"target": -0.38461023489633817, "params": {"d_k": 224.85006637860167}, "datetime": {"datetime": "2020-10-20 00:43:30", "elapsed": 2006.385688, "delta": 139.881226}}
{"target": -0.180707287788392, "params": {"d_k": 229.4408792029695}, "datetime": {"datetime": "2020-10-20 00:45:54", "elapsed": 2150.133425, "delta": 143.747737}}
{"target": -0.36602194150288525, "params": {"d_k": 25.431141265184035}, "datetime": {"datetime": "2020-10-20 00:47:59", "elapsed": 2275.020164, "delta": 124.886739}}
{"target": -0.3174934657414715, "params": {"d_k": 13.841805374686356}, "datetime": {"datetime": "2020-10-20 00:50:04", "elapsed": 2400.004836, "delta": 124.984672}}
{"target": -0.22789596557617553, "params": {"d_k": 46.79726573027136}, "datetime": {"datetime": "2020-10-20 00:52:13", "elapsed": 2528.606799, "delta": 128.601963}}
{"target": -0.2500788974761984, "params": {"d_k": 225.2919108642121}, "datetime": {"datetime": "2020-10-20 00:54:38", "elapsed": 2674.245258, "delta": 145.638459}}
{"target": -0.20188517411549511, "params": {"d_k": 28.783402125928625}, "datetime": {"datetime": "2020-10-20 00:56:48", "elapsed": 2804.31956, "delta": 130.074302}}
{"target": -0.23414767980575651, "params": {"d_k": 110.11912150127314}, "datetime": {"datetime": "2020-10-20 00:59:01", "elapsed": 2937.271478, "delta": 132.951918}}
{"target": -0.339625436464949, "params": {"d_k": 245.38816159792648}, "datetime": {"datetime": "2020-10-20 01:01:26", "elapsed": 3081.966386, "delta": 144.694908}}
{"target": -0.22971315383911223, "params": {"d_k": 138.3576518132003}, "datetime": {"datetime": "2020-10-20 01:03:41", "elapsed": 3217.216396, "delta": 135.25001}}
{"target": -0.25992703755696267, "params": {"d_k": 178.35303271551928}, "datetime": {"datetime": "2020-10-20 01:06:01", "elapsed": 3357.411094, "delta": 140.194698}}
{"target": -0.201815331776933, "params": {"d_k": 83.50993901352786}, "datetime": {"datetime": "2020-10-20 01:08:12", "elapsed": 3488.373209, "delta": 130.962115}}
{"target": -0.21628035306930632, "params": {"d_k": 176.99823377575908}, "datetime": {"datetime": "2020-10-20 01:10:30", "elapsed": 3625.63505, "delta": 137.261841}}
{"target": -0.18910081386566252, "params": {"d_k": 214.32566931813798}, "datetime": {"datetime": "2020-10-20 01:12:51", "elapsed": 3767.041832, "delta": 141.406782}}
{"target": -0.28055696169534927, "params": {"d_k": 8.608645890736335}, "datetime": {"datetime": "2020-10-20 01:14:57", "elapsed": 3893.514166, "delta": 126.472334}}
{"target": -0.24571932395299623, "params": {"d_k": 193.0363673661318}, "datetime": {"datetime": "2020-10-20 01:17:20", "elapsed": 4036.294131, "delta": 142.779965}}
{"target": -0.23571796258290234, "params": {"d_k": 179.54891567952046}, "datetime": {"datetime": "2020-10-20 01:19:40", "elapsed": 4175.65319, "delta": 139.359059}}
{"target": -0.2152884976069096, "params": {"d_k": 222.75697070492333}, "datetime": {"datetime": "2020-10-20 01:22:00", "elapsed": 4315.594465, "delta": 139.941275}}
{"target": -0.2168812147776248, "params": {"d_k": 63.85114829069728}, "datetime": {"datetime": "2020-10-20 01:24:06", "elapsed": 4442.440834, "delta": 126.846369}}
{"target": -0.23838398933410854, "params": {"d_k": 65.9639474283124}, "datetime": {"datetime": "2020-10-20 01:26:16", "elapsed": 4571.889842, "delta": 129.449008}}
{"target": -0.2566354680061361, "params": {"d_k": 52.85348650887355}, "datetime": {"datetime": "2020-10-20 01:28:21", "elapsed": 4697.462056, "delta": 125.572214}}
{"target": -0.25422455072403044, "params": {"d_k": 64.91133012147765}, "datetime": {"datetime": "2020-10-20 01:30:29", "elapsed": 4824.59596, "delta": 127.133904}}
{"target": -0.3648757187525392, "params": {"d_k": 64.74379400231255}, "datetime": {"datetime": "2020-10-20 01:32:36", "elapsed": 4952.333137, "delta": 127.737177}}
{"target": -0.27551249186197524, "params": {"d_k": 223.49190308114183}, "datetime": {"datetime": "2020-10-20 01:34:58", "elapsed": 5094.291732, "delta": 141.958595}}
{"target": -0.23814029534657422, "params": {"d_k": 18.629288301616366}, "datetime": {"datetime": "2020-10-20 01:37:06", "elapsed": 5222.074952, "delta": 127.78322}}
{"target": -0.26503391106923047, "params": {"d_k": 53.634890141514504}, "datetime": {"datetime": "2020-10-20 01:39:17", "elapsed": 5353.394034, "delta": 131.319082}}
{"target": -0.17730456511179227, "params": {"d_k": 224.06893129808518}, "datetime": {"datetime": "2020-10-20 01:41:38", "elapsed": 5493.929307, "delta": 140.535273}}
{"target": -0.1755575656890878, "params": {"d_k": 51.22542869610036}, "datetime": {"datetime": "2020-10-20 01:43:48", "elapsed": 5623.969831, "delta": 130.040524}}
{"target": -0.46041159311929947, "params": {"d_k": 54.22525945771573}, "datetime": {"datetime": "2020-10-20 01:45:59", "elapsed": 5754.64668, "delta": 130.676849}}
{"target": -0.2277092146873495, "params": {"d_k": 162.04878129948094}, "datetime": {"datetime": "2020-10-20 01:48:16", "elapsed": 5892.147737, "delta": 137.501057}}
{"target": -0.18523154735565395, "params": {"d_k": 51.53737797121559}, "datetime": {"datetime": "2020-10-20 01:50:26", "elapsed": 6022.062895, "delta": 129.915158}}
{"target": -0.24052145481109244, "params": {"d_k": 255.6843294483822}, "datetime": {"datetime": "2020-10-20 01:52:50", "elapsed": 6165.99018, "delta": 143.927285}}
{"target": -0.2777542114257775, "params": {"d_k": 229.13777180675552}, "datetime": {"datetime": "2020-10-20 01:55:11", "elapsed": 6306.8333, "delta": 140.84312}}
{"target": -0.22525034427643031, "params": {"d_k": 242.2575775030415}, "datetime": {"datetime": "2020-10-20 01:57:33", "elapsed": 6448.739599, "delta": 141.906299}}
{"target": -0.21724135875701994, "params": {"d_k": 39.67512208039478}, "datetime": {"datetime": "2020-10-20 01:59:39", "elapsed": 6575.361759, "delta": 126.62216}}
{"target": -0.20109633684158534, "params": {"d_k": 229.72501216413428}, "datetime": {"datetime": "2020-10-20 02:02:01", "elapsed": 6716.711316, "delta": 141.349557}}
{"target": -0.35291343847910184, "params": {"d_k": 81.71776252000771}, "datetime": {"datetime": "2020-10-20 02:04:09", "elapsed": 6844.795824, "delta": 128.084508}}
{"target": -0.2884288183848024, "params": {"d_k": 39.07983087608733}, "datetime": {"datetime": "2020-10-20 02:06:16", "elapsed": 6972.106957, "delta": 127.311133}}
{"target": -0.24812532663345427, "params": {"d_k": 224.36384433918576}, "datetime": {"datetime": "2020-10-20 02:08:37", "elapsed": 7112.731876, "delta": 140.624919}}
{"target": -0.24605737209320278, "params": {"d_k": 16.277774346998225}, "datetime": {"datetime": "2020-10-20 02:10:42", "elapsed": 7237.814638, "delta": 125.082762}}
{"target": -0.2814825280507368, "params": {"d_k": 53.92151845654803}, "datetime": {"datetime": "2020-10-20 02:12:50", "elapsed": 7366.128338, "delta": 128.3137}}
{"target": -0.16205094178517865, "params": {"d_k": 51.2274966746219}, "datetime": {"datetime": "2020-10-20 02:14:57", "elapsed": 7492.675432, "delta": 126.547094}}
{"target": -0.27374762217203397, "params": {"d_k": 110.11672851790631}, "datetime": {"datetime": "2020-10-20 02:17:11", "elapsed": 7626.753379, "delta": 134.077947}}
{"target": -0.21795348008473336, "params": {"d_k": 131.7243055335922}, "datetime": {"datetime": "2020-10-20 02:19:27", "elapsed": 7763.135421, "delta": 136.382042}}
{"target": -0.2904645792643191, "params": {"d_k": 77.31172815522298}, "datetime": {"datetime": "2020-10-20 02:21:38", "elapsed": 7894.134563, "delta": 130.999142}}
{"target": -0.1973424347241739, "params": {"d_k": 80.94497353590118}, "datetime": {"datetime": "2020-10-20 02:23:48", "elapsed": 8023.921603, "delta": 129.78704}}
{"target": -0.31988842487335295, "params": {"d_k": 125.96098803165255}, "datetime": {"datetime": "2020-10-20 02:26:00", "elapsed": 8155.591356, "delta": 131.669753}}
{"target": -0.287155520915986, "params": {"d_k": 103.98548955211162}, "datetime": {"datetime": "2020-10-20 02:28:12", "elapsed": 8288.429176, "delta": 132.83782}}
{"target": -0.253646895090735, "params": {"d_k": 144.78664048686917}, "datetime": {"datetime": "2020-10-20 02:30:25", "elapsed": 8421.486185, "delta": 133.057009}}
{"target": -0.17749271869659633, "params": {"d_k": 178.4652469981837}, "datetime": {"datetime": "2020-10-20 02:32:44", "elapsed": 8560.368543, "delta": 138.882358}}
{"target": -0.22149707078933806, "params": {"d_k": 83.50677529432731}, "datetime": {"datetime": "2020-10-20 02:34:57", "elapsed": 8693.068235, "delta": 132.699692}}
{"target": -0.18445340871811122, "params": {"d_k": 103.98195683170032}, "datetime": {"datetime": "2020-10-20 02:37:10", "elapsed": 8826.411512, "delta": 133.343277}}
{"target": -0.1735490083694467, "params": {"d_k": 51.230741036987816}, "datetime": {"datetime": "2020-10-20 02:39:19", "elapsed": 8955.200645, "delta": 128.789133}}
{"target": -0.379750679334001, "params": {"d_k": 4.02548998577025}, "datetime": {"datetime": "2020-10-20 02:41:22", "elapsed": 9078.142462, "delta": 122.941817}}
{"target": -0.18082229375839443, "params": {"d_k": 223.77744571755045}, "datetime": {"datetime": "2020-10-20 02:43:42", "elapsed": 9218.358281, "delta": 140.215819}}
{"target": -0.3109761921564699, "params": {"d_k": 223.78064430095156}, "datetime": {"datetime": "2020-10-20 02:46:06", "elapsed": 9362.369258, "delta": 144.010977}}
{"target": -0.3940439669291139, "params": {"d_k": 109.08954518504865}, "datetime": {"datetime": "2020-10-19 23:01:53", "elapsed": 0.0, "delta": 0.0}}
{"target": -0.234771113395693, "params": {"d_k": 185.52177234742385}, "datetime": {"datetime": "2020-10-19 23:04:16", "elapsed": 143.048101, "delta": 143.048101}}
{"target": -0.21048299948374039, "params": {"d_k": 4.028822453970911}, "datetime": {"datetime": "2020-10-19 23:06:23", "elapsed": 270.130681, "delta": 127.08258}}
{"target": -0.26113678852717437, "params": {"d_k": 80.18780830322362}, "datetime": {"datetime": "2020-10-19 23:08:36", "elapsed": 402.581144, "delta": 132.450463}}
{"target": -0.2681983510653215, "params": {"d_k": 40.98248448591249}, "datetime": {"datetime": "2020-10-19 23:10:45", "elapsed": 532.222051, "delta": 129.640907}}
{"target": -0.2442847077051834, "params": {"d_k": 27.269325881737046}, "datetime": {"datetime": "2020-10-19 23:12:57", "elapsed": 663.481431, "delta": 131.25938}}
{"target": -0.16537914752960414, "params": {"d_k": 50.937573267173065}, "datetime": {"datetime": "2020-10-19 23:15:08", "elapsed": 794.64272, "delta": 131.161289}}
{"target": -0.2823565244674645, "params": {"d_k": 91.08130321484803}, "datetime": {"datetime": "2020-10-19 23:17:23", "elapsed": 930.298098, "delta": 135.655378}}
{"target": -0.24877996444702238, "params": {"d_k": 103.98540350612882}, "datetime": {"datetime": "2020-10-19 23:19:39", "elapsed": 1066.152657, "delta": 135.854559}}
{"target": -0.25387571334839076, "params": {"d_k": 139.78181696884596}, "datetime": {"datetime": "2020-10-19 23:21:57", "elapsed": 1204.043067, "delta": 137.89041}}
{"target": -0.22030715624490982, "params": {"d_k": 50.514787526520934}, "datetime": {"datetime": "2020-10-19 23:24:10", "elapsed": 1336.994675, "delta": 132.951608}}
{"target": -0.20826213041940933, "params": {"d_k": 236.27795637382582}, "datetime": {"datetime": "2020-10-19 23:26:35", "elapsed": 1482.375899, "delta": 145.381224}}
{"target": -0.20799345970153899, "params": {"d_k": 211.05740413681062}, "datetime": {"datetime": "2020-10-19 23:29:00", "elapsed": 1626.607076, "delta": 144.231177}}
{"target": -0.17698238372802944, "params": {"d_k": 256.0}, "datetime": {"datetime": "2020-10-19 23:31:25", "elapsed": 1771.542894, "delta": 144.935818}}
{"target": -0.2234176516532907, "params": {"d_k": 162.5850027727744}, "datetime": {"datetime": "2020-10-19 23:33:47", "elapsed": 1913.830303, "delta": 142.287409}}
{"target": -0.15129656791687102, "params": {"d_k": 64.90610570063225}, "datetime": {"datetime": "2020-10-19 23:35:59", "elapsed": 2045.425988, "delta": 131.595685}}
{"target": -0.20145190954208464, "params": {"d_k": 125.95854698341577}, "datetime": {"datetime": "2020-10-19 23:38:16", "elapsed": 2183.318401, "delta": 137.892413}}
{"target": -0.3737146250406863, "params": {"d_k": 198.37861105901766}, "datetime": {"datetime": "2020-10-19 23:40:42", "elapsed": 2329.092982, "delta": 145.774581}}
{"target": -0.1583926486969015, "params": {"d_k": 223.77391926461578}, "datetime": {"datetime": "2020-10-19 23:43:07", "elapsed": 2474.146907, "delta": 145.053925}}
{"target": -0.439489900271094, "params": {"d_k": 173.83802396029253}, "datetime": {"datetime": "2020-10-19 23:45:28", "elapsed": 2615.010021, "delta": 140.863114}}
