{"target": -0.2578109010060591, "params": {"d_v": 109.08954518504865}, "datetime": {"datetime": "2020-10-20 10:21:44", "elapsed": 0.0, "delta": 0.0}}
{"target": -0.19384461561838406, "params": {"d_v": 185.52177234742385}, "datetime": {"datetime": "2020-10-20 10:24:04", "elapsed": 139.999328, "delta": 139.999328}}
{"target": -0.3925763956705691, "params": {"d_v": 4.028822453970911}, "datetime": {"datetime": "2020-10-20 10:26:10", "elapsed": 266.031954, "delta": 126.032626}}
{"target": -0.22785901387532193, "params": {"d_v": 80.18780830322362}, "datetime": {"datetime": "2020-10-20 10:29:14", "elapsed": 449.835522, "delta": 183.803568}}
{"target": -0.2569061962763429, "params": {"d_v": 40.98248448591249}, "datetime": {"datetime": "2020-10-20 10:31:29", "elapsed": 584.618277, "delta": 134.782755}}
{"target": -0.22399551709492627, "params": {"d_v": 27.269325881737046}, "datetime": {"datetime": "2020-10-20 10:33:35", "elapsed": 711.474766, "delta": 126.856489}}
{"target": -0.19399322271347136, "params": {"d_v": 50.937573267173065}, "datetime": {"datetime": "2020-10-20 10:35:44", "elapsed": 839.533235, "delta": 128.058469}}
{"target": -0.23435632864633804, "params": {"d_v": 91.08130321484803}, "datetime": {"datetime": "2020-10-20 10:37:56", "elapsed": 971.891628, "delta": 132.358393}}
{"target": -0.1496232501665712, "params": {"d_v": 103.98540350612882}, "datetime": {"datetime": "2020-10-20 10:40:06", "elapsed": 1102.27021, "delta": 130.378582}}
{"target": -0.2964177719751956, "params": {"d_v": 139.78181696884596}, "datetime": {"datetime": "2020-10-20 10:42:18", "elapsed": 1233.632782, "delta": 131.362572}}
{"target": -0.28237061182657486, "params": {"d_v": 109.6370176296303}, "datetime": {"datetime": "2020-10-20 10:44:25", "elapsed": 1360.889531, "delta": 127.256749}}
{"target": -0.3410738515853903, "params": {"d_v": 176.67531409998338}, "datetime": {"datetime": "2020-10-20 10:46:39", "elapsed": 1495.294783, "delta": 134.405252}}
{"target": -0.1636627435684213, "params": {"d_v": 55.521966932342394}, "datetime": {"datetime": "2020-10-20 10:48:43", "elapsed": 1618.871183, "delta": 123.5764}}
{"target": -0.3459872174263037, "params": {"d_v": 225.28559397051825}, "datetime": {"datetime": "2020-10-20 10:50:59", "elapsed": 1754.743758, "delta": 135.872575}}
{"target": -0.32536427656809097, "params": {"d_v": 10.901673485877392}, "datetime": {"datetime": "2020-10-20 10:52:59", "elapsed": 1875.124243, "delta": 120.380485}}
{"target": -0.46376815954843764, "params": {"d_v": 172.95781256495735}, "datetime": {"datetime": "2020-10-20 10:55:11", "elapsed": 2006.966161, "delta": 131.841918}}
{"target": -0.3651406272252363, "params": {"d_v": 109.160810196516}, "datetime": {"datetime": "2020-10-20 10:57:22", "elapsed": 2137.658029, "delta": 130.691868}}
{"target": -0.2237089681625387, "params": {"d_v": 144.78983676832942}, "datetime": {"datetime": "2020-10-20 10:59:34", "elapsed": 2269.983404, "delta": 132.325375}}
{"target": -0.1933637960751814, "params": {"d_v": 39.37750852599891}, "datetime": {"datetime": "2020-10-20 11:01:38", "elapsed": 2394.083276, "delta": 124.099872}}
{"target": -0.17676199674606413, "params": {"d_v": 53.921575249389456}, "datetime": {"datetime": "2020-10-20 11:03:40", "elapsed": 2516.296436, "delta": 122.21316}}
{"target": -0.16621966361999602, "params": {"d_v": 205.78763130623526}, "datetime": {"datetime": "2020-10-20 11:05:57", "elapsed": 2652.758568, "delta": 136.462132}}
{"target": -0.21038861115773144, "params": {"d_v": 248.00191708128818}, "datetime": {"datetime": "2020-10-20 11:08:15", "elapsed": 2791.473739, "delta": 138.715171}}
{"target": -0.2056421160697946, "params": {"d_v": 82.9828928961292}, "datetime": {"datetime": "2020-10-20 11:10:22", "elapsed": 2918.314102, "delta": 126.840363}}
{"target": -0.20443360090255946, "params": {"d_v": 178.46529914866716}, "datetime": {"datetime": "2020-10-20 11:12:35", "elapsed": 3050.718523, "delta": 132.404421}}
{"target": -0.3374904513359079, "params": {"d_v": 224.85006637860167}, "datetime": {"datetime": "2020-10-20 11:14:47", "elapsed": 3182.538412, "delta": 131.819889}}
{"target": -0.609754751523332, "params": {"d_v": 229.4408792029695}, "datetime": {"datetime": "2020-10-20 11:17:03", "elapsed": 3318.663234, "delta": 136.124822}}
{"target": -0.29123572985330826, "params": {"d_v": 25.431141265184035}, "datetime": {"datetime": "2020-10-20 11:19:04", "elapsed": 3440.354923, "delta": 121.691689}}
{"target": -0.4880881659189821, "params": {"d_v": 13.841805374686356}, "datetime": {"datetime": "2020-10-20 11:21:04", "elapsed": 3560.467175, "delta": 120.112252}}
{"target": -0.4676958910624148, "params": {"d_v": 46.79726573027136}, "datetime": {"datetime": "2020-10-20 11:23:09", "elapsed": 3685.431845, "delta": 124.96467}}
{"target": -0.2441290012995364, "params": {"d_v": 225.2919108642121}, "datetime": {"datetime": "2020-10-20 11:25:26", "elapsed": 3821.667786, "delta": 136.235941}}
{"target": -0.21695837974548537, "params": {"d_v": 28.783402125928625}, "datetime": {"datetime": "2020-10-20 11:27:24", "elapsed": 3940.0905, "delta": 118.422714}}
{"target": -0.43966874917347853, "params": {"d_v": 110.11912150127314}, "datetime": {"datetime": "2020-10-20 11:29:28", "elapsed": 4064.142329, "delta": 124.051829}}
{"target": -0.1784640669822702, "params": {"d_v": 245.38816159792648}, "datetime": {"datetime": "2020-10-20 11:31:48", "elapsed": 4203.988552, "delta": 139.846223}}
{"target": -0.2217174371083539, "params": {"d_v": 138.3576518132003}, "datetime": {"datetime": "2020-10-20 11:33:58", "elapsed": 4334.224018, "delta": 130.235466}}
{"target": -0.2637283309300703, "params": {"d_v": 178.35303271551928}, "datetime": {"datetime": "2020-10-20 11:36:12", "elapsed": 4467.630364, "delta": 133.406346}}
{"target": -0.23383005301157989, "params": {"d_v": 83.50993901352786}, "datetime": {"datetime": "2020-10-20 11:38:19", "elapsed": 4594.587839, "delta": 126.957475}}
{"target": -0.2101570177078268, "params": {"d_v": 176.99823377575908}, "datetime": {"datetime": "2020-10-20 11:40:35", "elapsed": 4730.678115, "delta": 136.090276}}
{"target": -0.2531608692804933, "params": {"d_v": 214.32566931813798}, "datetime": {"datetime": "2020-10-20 11:42:51", "elapsed": 4867.451201, "delta": 136.773086}}
{"target": -0.25380886793136687, "params": {"d_v": 8.608645890736335}, "datetime": {"datetime": "2020-10-20 11:44:51", "elapsed": 4987.373837, "delta": 119.922636}}
{"target": -0.24474589506784683, "params": {"d_v": 193.0363673661318}, "datetime": {"datetime": "2020-10-20 11:47:05", "elapsed": 5121.306658, "delta": 133.932821}}
{"target": -0.24928651809692004, "params": {"d_v": 225.48155113025257}, "datetime": {"datetime": "2020-10-20 11:49:25", "elapsed": 5260.952673, "delta": 139.646015}}
{"target": -0.20781455516815395, "params": {"d_v": 104.30510850472653}, "datetime": {"datetime": "2020-10-20 11:51:36", "elapsed": 5391.834465, "delta": 130.881792}}
{"target": -0.25222747008005386, "params": {"d_v": 103.6586177858212}, "datetime": {"datetime": "2020-10-20 11:53:43", "elapsed": 5518.996137, "delta": 127.161672}}
{"target": -0.18741577784219998, "params": {"d_v": 55.20900235149254}, "datetime": {"datetime": "2020-10-20 11:55:49", "elapsed": 5644.713497, "delta": 125.71736}}
{"target": -0.18682862520217985, "params": {"d_v": 216.26359828371056}, "datetime": {"datetime": "2020-10-20 11:58:05", "elapsed": 5780.933413, "delta": 136.219916}}
{"target": -0.3047096538543722, "params": {"d_v": 205.78285644769767}, "datetime": {"datetime": "2020-10-20 12:00:21", "elapsed": 5917.374514, "delta": 136.441101}}
{"target": -0.38013512929280224, "params": {"d_v": 205.89339552932316}, "datetime": {"datetime": "2020-10-20 12:02:39", "elapsed": 6054.955668, "delta": 137.581154}}
{"target": -0.1989037243525148, "params": {"d_v": 104.1234332731698}, "datetime": {"datetime": "2020-10-20 12:04:52", "elapsed": 6187.674406, "delta": 132.718738}}
{"target": -0.15502758026123137, "params": {"d_v": 18.629288301616366}, "datetime": {"datetime": "2020-10-20 12:06:54", "elapsed": 6309.962631, "delta": 122.288225}}
{"target": -0.15906126499176115, "params": {"d_v": 18.448526513384337}, "datetime": {"datetime": "2020-10-20 12:08:53", "elapsed": 6429.149055, "delta": 119.186424}}
{"target": -0.20350060939789028, "params": {"d_v": 55.36974168828678}, "datetime": {"datetime": "2020-10-20 12:10:58", "elapsed": 6553.51318, "delta": 124.364125}}
{"target": -0.28772164583206267, "params": {"d_v": 18.800450188457884}, "datetime": {"datetime": "2020-10-20 12:13:00", "elapsed": 6675.643517, "delta": 122.130337}}
{"target": -0.390643760363257, "params": {"d_v": 18.289324199706222}, "datetime": {"datetime": "2020-10-20 12:15:03", "elapsed": 6798.765518, "delta": 123.122001}}
{"target": -0.2387403964996347, "params": {"d_v": 162.04878129948094}, "datetime": {"datetime": "2020-10-20 12:17:19", "elapsed": 6934.573055, "delta": 135.807537}}
{"target": -0.27025572538376064, "params": {"d_v": 84.7965591752496}, "datetime": {"datetime": "2020-10-20 12:19:28", "elapsed": 7064.206298, "delta": 129.633243}}
{"target": -0.19726974805195752, "params": {"d_v": 55.678813139952005}, "datetime": {"datetime": "2020-10-20 12:21:32", "elapsed": 7188.002904, "delta": 123.796606}}
{"target": -0.3339488951365114, "params": {"d_v": 103.84336421576016}, "datetime": {"datetime": "2020-10-20 12:23:42", "elapsed": 7318.062194, "delta": 130.05929}}
{"target": -0.2654659001032472, "params": {"d_v": 242.2575775030415}, "datetime": {"datetime": "2020-10-20 12:26:01", "elapsed": 7457.057625, "delta": 138.995431}}
{"target": -0.24611524661382245, "params": {"d_v": 54.09167860634512}, "datetime": {"datetime": "2020-10-20 12:28:05", "elapsed": 7580.577499, "delta": 123.519874}}
{"target": -0.19328327178955168, "params": {"d_v": 245.553862962202}, "datetime": {"datetime": "2020-10-20 12:30:24", "elapsed": 7720.25855, "delta": 139.681051}}
{"target": -0.26050825595856075, "params": {"d_v": 18.629320146599007}, "datetime": {"datetime": "2020-10-20 12:32:27", "elapsed": 7843.022677, "delta": 122.764127}}
{"target": -0.19308274904886502, "params": {"d_v": 55.20726931908683}, "datetime": {"datetime": "2020-10-20 12:34:32", "elapsed": 7968.095571, "delta": 125.072894}}
{"target": -0.19481037139892787, "params": {"d_v": 55.52067826824114}, "datetime": {"datetime": "2020-10-20 12:36:35", "elapsed": 8090.681068, "delta": 122.585497}}
{"target": -0.26503811359405727, "params": {"d_v": 18.62828249059119}, "datetime": {"datetime": "2020-10-20 12:38:34", "elapsed": 8210.233814, "delta": 119.552746}}
{"target": -0.19067357063293666, "params": {"d_v": 28.781206835257855}, "datetime": {"datetime": "2020-10-20 12:40:37", "elapsed": 8332.755249, "delta": 122.521435}}
{"target": -0.18885390043258876, "params": {"d_v": 18.449893817164064}, "datetime": {"datetime": "2020-10-20 12:42:38", "elapsed": 8454.295796, "delta": 121.540547}}
{"target": -0.22797599951425795, "params": {"d_v": 245.55138454007928}, "datetime": {"datetime": "2020-10-20 12:44:57", "elapsed": 8593.081023, "delta": 138.785227}}
{"target": -0.2120350408554098, "params": {"d_v": 205.78921579021414}, "datetime": {"datetime": "2020-10-20 12:47:11", "elapsed": 8727.33364, "delta": 134.252617}}
{"target": -0.32944492975870376, "params": {"d_v": 53.92281419154998}, "datetime": {"datetime": "2020-10-20 12:49:17", "elapsed": 8852.648628, "delta": 125.314988}}
{"target": -0.19266311407089443, "params": {"d_v": 205.78598339312992}, "datetime": {"datetime": "2020-10-20 12:51:34", "elapsed": 8989.789366, "delta": 137.140738}}
{"target": -0.31246156056722396, "params": {"d_v": 55.51827745928077}, "datetime": {"datetime": "2020-10-20 12:53:39", "elapsed": 9114.978227, "delta": 125.188861}}
{"target": -0.21554539203643996, "params": {"d_v": 53.91989733898639}, "datetime": {"datetime": "2020-10-20 12:55:44", "elapsed": 9240.20512, "delta": 125.226893}}
{"target": -0.2332477752367691, "params": {"d_v": 55.36816652739322}, "datetime": {"datetime": "2020-10-20 12:57:49", "elapsed": 9364.758401, "delta": 124.553281}}
{"target": -0.2944171873728395, "params": {"d_v": 55.52355350971279}, "datetime": {"datetime": "2020-10-20 12:59:54", "elapsed": 9490.154469, "delta": 125.396068}}
{"target": -0.2024113655090341, "params": {"d_v": 39.37569556159983}, "datetime": {"datetime": "2020-10-20 13:01:57", "elapsed": 9612.49175, "delta": 122.337281}}
{"target": -0.21844394207000822, "params": {"d_v": 103.98195683170032}, "datetime": {"datetime": "2020-10-20 13:04:04", "elapsed": 9740.207916, "delta": 127.716166}}
{"target": -0.19759089787801454, "params": {"d_v": 176.99558094180847}, "datetime": {"datetime": "2020-10-20 13:06:17", "elapsed": 9872.529789, "delta": 132.321873}}
{"target": -0.35405329942703456, "params": {"d_v": 185.522954808115}, "datetime": {"datetime": "2020-10-20 13:08:29", "elapsed": 10005.143395, "delta": 132.613606}}
{"target": -0.17283291816711516, "params": {"d_v": 28.77996145971384}, "datetime": {"datetime": "2020-10-20 13:10:30", "elapsed": 10125.569933, "delta": 120.426538}}
{"target": -0.22032694101333827, "params": {"d_v": 216.2625396530951}, "datetime": {"datetime": "2020-10-20 13:12:45", "elapsed": 10260.973214, "delta": 135.403281}}
