{"target": -0.27338345686595, "params": {"d_k": 109.08954518504865}, "datetime": {"datetime": "2020-10-20 22:51:08", "elapsed": 0.0, "delta": 0.0}}
{"target": -0.2665717188517288, "params": {"d_k": 185.52177234742385}, "datetime": {"datetime": "2020-10-20 22:53:26", "elapsed": 137.489053, "delta": 137.489053}}
{"target": -0.2704610411326126, "params": {"d_k": 4.028822453970911}, "datetime": {"datetime": "2020-10-20 22:55:28", "elapsed": 259.805301, "delta": 122.316248}}
{"target": -0.2675393406550125, "params": {"d_k": 80.18780830322362}, "datetime": {"datetime": "2020-10-20 22:57:37", "elapsed": 388.534386, "delta": 128.729085}}
{"target": -0.2665391151110367, "params": {"d_k": 40.98248448591249}, "datetime": {"datetime": "2020-10-20 22:59:42", "elapsed": 514.072296, "delta": 125.53791}}
{"target": -0.2720212523142532, "params": {"d_k": 27.269325881737046}, "datetime": {"datetime": "2020-10-20 23:01:47", "elapsed": 638.889839, "delta": 124.817543}}
{"target": -0.2604736804962167, "params": {"d_k": 50.937573267173065}, "datetime": {"datetime": "2020-10-20 23:03:53", "elapsed": 764.982519, "delta": 126.09268}}
{"target": -0.2703971449534134, "params": {"d_k": 91.08130321484803}, "datetime": {"datetime": "2020-10-20 23:06:01", "elapsed": 892.846951, "delta": 127.864432}}
{"target": -0.2670357346534738, "params": {"d_k": 103.98540350612882}, "datetime": {"datetime": "2020-10-20 23:08:11", "elapsed": 1022.526894, "delta": 129.679943}}
{"target": -0.27088018099467315, "params": {"d_k": 139.78181696884596}, "datetime": {"datetime": "2020-10-20 23:10:24", "elapsed": 1155.737047, "delta": 133.210153}}
{"target": -0.2720573727289871, "params": {"d_k": 109.6370176296303}, "datetime": {"datetime": "2020-10-20 23:12:34", "elapsed": 1285.95548, "delta": 130.218433}}
{"target": -0.27040835062663116, "params": {"d_k": 176.67531409998338}, "datetime": {"datetime": "2020-10-20 23:14:48", "elapsed": 1419.503941, "delta": 133.548461}}
{"target": -0.26723333040873565, "params": {"d_k": 55.521966932342394}, "datetime": {"datetime": "2020-10-20 23:16:51", "elapsed": 1543.190433, "delta": 123.686492}}
{"target": -0.2668475627899179, "params": {"d_k": 225.28559397051825}, "datetime": {"datetime": "2020-10-20 23:19:11", "elapsed": 1682.775385, "delta": 139.584952}}
{"target": -0.27011330763499297, "params": {"d_k": 10.901673485877392}, "datetime": {"datetime": "2020-10-20 23:21:13", "elapsed": 1804.493086, "delta": 121.717701}}
{"target": -0.26993050018946685, "params": {"d_k": 172.95781256495735}, "datetime": {"datetime": "2020-10-20 23:23:29", "elapsed": 1941.345182, "delta": 136.852096}}
{"target": -0.2743450586001114, "params": {"d_k": 109.160810196516}, "datetime": {"datetime": "2020-10-20 23:25:41", "elapsed": 2072.513484, "delta": 131.168302}}
{"target": -0.2664537549018869, "params": {"d_k": 144.78983676832942}, "datetime": {"datetime": "2020-10-20 23:27:54", "elapsed": 2205.495435, "delta": 132.981951}}
{"target": -0.2793174568812088, "params": {"d_k": 39.37750852599891}, "datetime": {"datetime": "2020-10-20 23:29:59", "elapsed": 2330.593215, "delta": 125.09778}}
{"target": -0.26981820503871, "params": {"d_k": 53.921575249389456}, "datetime": {"datetime": "2020-10-20 23:32:04", "elapsed": 2455.676978, "delta": 125.083763}}
{"target": -0.2679459635416702, "params": {"d_k": 205.78763130623526}, "datetime": {"datetime": "2020-10-20 23:34:22", "elapsed": 2593.580399, "delta": 137.903421}}
{"target": -0.26627005974452056, "params": {"d_k": 248.00191708128818}, "datetime": {"datetime": "2020-10-20 23:36:43", "elapsed": 2735.073542, "delta": 141.493143}}
{"target": -0.267085153261824, "params": {"d_k": 82.9828928961292}, "datetime": {"datetime": "2020-10-20 23:38:51", "elapsed": 2862.478418, "delta": 127.404876}}
{"target": -0.26594884395599455, "params": {"d_k": 178.46529914866716}, "datetime": {"datetime": "2020-10-20 23:41:07", "elapsed": 2999.016599, "delta": 136.538181}}
{"target": -0.27238042990366973, "params": {"d_k": 224.85006637860167}, "datetime": {"datetime": "2020-10-20 23:43:26", "elapsed": 3137.743833, "delta": 138.727234}}
{"target": -0.26705678145091094, "params": {"d_k": 229.4408792029695}, "datetime": {"datetime": "2020-10-20 23:45:46", "elapsed": 3278.077467, "delta": 140.333634}}
{"target": -0.27285756508509673, "params": {"d_k": 25.431141265184035}, "datetime": {"datetime": "2020-10-20 23:47:48", "elapsed": 3400.242808, "delta": 122.165341}}
{"target": -0.27311207691828765, "params": {"d_k": 13.841805374686356}, "datetime": {"datetime": "2020-10-20 23:49:50", "elapsed": 3522.187717, "delta": 121.944909}}
{"target": -0.26923324505488433, "params": {"d_k": 46.79726573027136}, "datetime": {"datetime": "2020-10-20 23:51:56", "elapsed": 3648.177722, "delta": 125.990005}}
{"target": -0.26408352295558013, "params": {"d_k": 225.2919108642121}, "datetime": {"datetime": "2020-10-20 23:54:16", "elapsed": 3787.863765, "delta": 139.686043}}
{"target": -0.274049538771315, "params": {"d_k": 28.783402125928625}, "datetime": {"datetime": "2020-10-20 23:56:21", "elapsed": 3912.858447, "delta": 124.994682}}
{"target": -0.26885898749033965, "params": {"d_k": 110.11912150127314}, "datetime": {"datetime": "2020-10-20 23:58:31", "elapsed": 4043.144941, "delta": 130.286494}}
{"target": -0.272437411944075, "params": {"d_k": 245.38816159792648}, "datetime": {"datetime": "2020-10-21 00:00:53", "elapsed": 4184.782161, "delta": 141.63722}}
{"target": -0.2665927592913345, "params": {"d_k": 138.3576518132003}, "datetime": {"datetime": "2020-10-21 00:03:06", "elapsed": 4317.771113, "delta": 132.988952}}
{"target": -0.2759543840090469, "params": {"d_k": 178.35303271551928}, "datetime": {"datetime": "2020-10-21 00:05:22", "elapsed": 4454.058065, "delta": 136.286952}}
{"target": -0.2699638191858963, "params": {"d_k": 83.50993901352786}, "datetime": {"datetime": "2020-10-21 00:07:32", "elapsed": 4584.108345, "delta": 130.05028}}
{"target": -0.26704699993133635, "params": {"d_k": 176.99823377575908}, "datetime": {"datetime": "2020-10-21 00:09:47", "elapsed": 4718.669727, "delta": 134.561382}}
{"target": -0.26865572929382414, "params": {"d_k": 214.32566931813798}, "datetime": {"datetime": "2020-10-21 00:12:07", "elapsed": 4859.408825, "delta": 140.739098}}
{"target": -0.26694490353266753, "params": {"d_k": 8.608645890736335}, "datetime": {"datetime": "2020-10-21 00:14:11", "elapsed": 4983.257479, "delta": 123.848654}}
{"target": -0.27027030626933135, "params": {"d_k": 193.0363673661318}, "datetime": {"datetime": "2020-10-21 00:16:32", "elapsed": 5123.736674, "delta": 140.479195}}
{"target": -0.27415283362071075, "params": {"d_k": 123.99258704543182}, "datetime": {"datetime": "2020-10-21 00:18:44", "elapsed": 5255.541851, "delta": 131.805177}}
{"target": -0.2681891504923538, "params": {"d_k": 255.9748242288466}, "datetime": {"datetime": "2020-10-21 00:21:04", "elapsed": 5396.301882, "delta": 140.760031}}
{"target": -0.2704566303888992, "params": {"d_k": 158.00287400616145}, "datetime": {"datetime": "2020-10-21 00:23:19", "elapsed": 5530.519961, "delta": 134.218079}}
{"target": -0.2727975432078079, "params": {"d_k": 67.22066975910676}, "datetime": {"datetime": "2020-10-21 00:25:26", "elapsed": 5658.331215, "delta": 127.811254}}
{"target": -0.29625411669413604, "params": {"d_k": 117.22122660736242}, "datetime": {"datetime": "2020-10-21 00:27:38", "elapsed": 5790.107068, "delta": 131.775853}}
{"target": -0.27297450939814605, "params": {"d_k": 130.64776131135832}, "datetime": {"datetime": "2020-10-21 00:29:50", "elapsed": 5922.080111, "delta": 131.973043}}
{"target": -0.3187818113962845, "params": {"d_k": 151.76861876012967}, "datetime": {"datetime": "2020-10-21 00:32:05", "elapsed": 6057.326577, "delta": 135.246466}}
{"target": -0.2690133635203079, "params": {"d_k": 164.43059353014405}, "datetime": {"datetime": "2020-10-21 00:34:20", "elapsed": 6191.558832, "delta": 134.232255}}
{"target": -0.2662599865595535, "params": {"d_k": 97.50511560829298}, "datetime": {"datetime": "2020-10-21 00:36:29", "elapsed": 6321.343871, "delta": 129.785039}}
{"target": -0.2720946852366165, "params": {"d_k": 61.87998957435232}, "datetime": {"datetime": "2020-10-21 00:38:35", "elapsed": 6447.429565, "delta": 126.085694}}
{"target": -0.2693723622957901, "params": {"d_k": 199.45579955129563}, "datetime": {"datetime": "2020-10-21 00:40:54", "elapsed": 6585.615251, "delta": 138.185686}}
{"target": -0.26866062323252715, "params": {"d_k": 73.34020113044514}, "datetime": {"datetime": "2020-10-21 00:43:01", "elapsed": 6712.840966, "delta": 127.225715}}
{"target": -0.2787199799219803, "params": {"d_k": 210.37994582678516}, "datetime": {"datetime": "2020-10-21 00:45:20", "elapsed": 6851.693251, "delta": 138.852285}}
