{"target": -0.28966327349345244, "params": {"ff_dim": 109.08954518504865}, "datetime": {"datetime": "2020-10-21 09:24:35", "elapsed": 0.0, "delta": 0.0}}
{"target": -0.26667483488719024, "params": {"ff_dim": 185.52177234742385}, "datetime": {"datetime": "2020-10-21 09:26:53", "elapsed": 137.763295, "delta": 137.763295}}
{"target": -0.2731157064437875, "params": {"ff_dim": 4.028822453970911}, "datetime": {"datetime": "2020-10-21 09:29:02", "elapsed": 266.770626, "delta": 129.007331}}
{"target": -0.2736140076319412, "params": {"ff_dim": 80.18780830322362}, "datetime": {"datetime": "2020-10-21 09:31:13", "elapsed": 397.892881, "delta": 131.122255}}
{"target": -0.27115698496501006, "params": {"ff_dim": 40.98248448591249}, "datetime": {"datetime": "2020-10-21 09:33:22", "elapsed": 526.906217, "delta": 129.013336}}
{"target": -0.27543725411097564, "params": {"ff_dim": 27.269325881737046}, "datetime": {"datetime": "2020-10-21 09:35:30", "elapsed": 655.284469, "delta": 128.378252}}
{"target": -0.2704789161682138, "params": {"ff_dim": 50.937573267173065}, "datetime": {"datetime": "2020-10-21 09:37:39", "elapsed": 784.146078, "delta": 128.861609}}
{"target": -0.26670814752578825, "params": {"ff_dim": 91.08130321484803}, "datetime": {"datetime": "2020-10-21 09:39:51", "elapsed": 916.447405, "delta": 132.301327}}
{"target": -0.2672022167841629, "params": {"ff_dim": 103.98540350612882}, "datetime": {"datetime": "2020-10-21 09:42:06", "elapsed": 1050.536381, "delta": 134.088976}}
{"target": -0.27758021990458526, "params": {"ff_dim": 139.78181696884596}, "datetime": {"datetime": "2020-10-21 09:44:21", "elapsed": 1186.356927, "delta": 135.820546}}
{"target": -0.2726883474985794, "params": {"ff_dim": 109.6370176296303}, "datetime": {"datetime": "2020-10-21 09:46:34", "elapsed": 1318.640244, "delta": 132.283317}}
{"target": -0.2663778781890878, "params": {"ff_dim": 176.67531409998338}, "datetime": {"datetime": "2020-10-21 09:48:52", "elapsed": 1457.283344, "delta": 138.6431}}
{"target": -0.2726313654581741, "params": {"ff_dim": 55.521966932342394}, "datetime": {"datetime": "2020-10-21 09:51:02", "elapsed": 1587.203514, "delta": 129.92017}}
{"target": -0.26680160760879607, "params": {"ff_dim": 225.28559397051825}, "datetime": {"datetime": "2020-10-21 09:53:22", "elapsed": 1727.410031, "delta": 140.206517}}
{"target": -0.2694428149859146, "params": {"ff_dim": 10.901673485877392}, "datetime": {"datetime": "2020-10-21 09:55:31", "elapsed": 1856.049034, "delta": 128.639003}}
{"target": -0.2717233482996658, "params": {"ff_dim": 172.95781256495735}, "datetime": {"datetime": "2020-10-21 09:57:48", "elapsed": 1993.133716, "delta": 137.084682}}
{"target": -0.26978011767069854, "params": {"ff_dim": 109.160810196516}, "datetime": {"datetime": "2020-10-21 10:00:00", "elapsed": 2124.766951, "delta": 131.633235}}
{"target": -0.2669457379976944, "params": {"ff_dim": 144.78983676832942}, "datetime": {"datetime": "2020-10-21 10:02:14", "elapsed": 2259.492499, "delta": 134.725548}}
{"target": -0.2702825252215103, "params": {"ff_dim": 39.37750852599891}, "datetime": {"datetime": "2020-10-21 10:04:25", "elapsed": 2390.012214, "delta": 130.519715}}
{"target": -0.26753200928370513, "params": {"ff_dim": 53.921575249389456}, "datetime": {"datetime": "2020-10-21 10:06:37", "elapsed": 2522.495707, "delta": 132.483493}}
{"target": -0.2682465497652725, "params": {"ff_dim": 205.78763130623526}, "datetime": {"datetime": "2020-10-21 10:08:56", "elapsed": 2661.116786, "delta": 138.621079}}
{"target": -0.2665092468261728, "params": {"ff_dim": 248.00191708128818}, "datetime": {"datetime": "2020-10-21 10:11:15", "elapsed": 2800.34142, "delta": 139.224634}}
{"target": -0.2714860026041702, "params": {"ff_dim": 82.9828928961292}, "datetime": {"datetime": "2020-10-21 10:13:27", "elapsed": 2932.249401, "delta": 131.907981}}
{"target": -0.2638918876647958, "params": {"ff_dim": 178.46529914866716}, "datetime": {"datetime": "2020-10-21 10:15:45", "elapsed": 3069.792497, "delta": 137.543096}}
{"target": -0.2732334915796951, "params": {"ff_dim": 224.85006637860167}, "datetime": {"datetime": "2020-10-21 10:18:04", "elapsed": 3208.889004, "delta": 139.096507}}
{"target": -0.27021171490351714, "params": {"ff_dim": 229.4408792029695}, "datetime": {"datetime": "2020-10-21 10:20:23", "elapsed": 3348.400893, "delta": 139.511889}}
{"target": -0.2632411837577829, "params": {"ff_dim": 25.431141265184035}, "datetime": {"datetime": "2020-10-21 10:22:31", "elapsed": 3476.274193, "delta": 127.8733}}
{"target": -0.2617823600769052, "params": {"ff_dim": 13.841805374686356}, "datetime": {"datetime": "2020-10-21 10:24:40", "elapsed": 3605.484709, "delta": 129.210516}}
{"target": -0.27173997799555816, "params": {"ff_dim": 46.79726573027136}, "datetime": {"datetime": "2020-10-21 10:26:51", "elapsed": 3735.785216, "delta": 130.300507}}
{"target": -0.273780721823378, "params": {"ff_dim": 225.2919108642121}, "datetime": {"datetime": "2020-10-21 10:29:10", "elapsed": 3874.896748, "delta": 139.111532}}
{"target": -0.262447428703309, "params": {"ff_dim": 28.783402125928625}, "datetime": {"datetime": "2020-10-21 10:31:21", "elapsed": 4005.949942, "delta": 131.053194}}
{"target": -0.2699153606096939, "params": {"ff_dim": 110.11912150127314}, "datetime": {"datetime": "2020-10-21 10:33:34", "elapsed": 4139.400323, "delta": 133.450381}}
{"target": -0.266563970247908, "params": {"ff_dim": 245.38816159792648}, "datetime": {"datetime": "2020-10-21 10:35:55", "elapsed": 4279.845074, "delta": 140.444751}}
{"target": -0.27226479689280547, "params": {"ff_dim": 138.3576518132003}, "datetime": {"datetime": "2020-10-21 10:38:12", "elapsed": 4416.680521, "delta": 136.835447}}
{"target": -0.2608449045817093, "params": {"ff_dim": 178.35303271551928}, "datetime": {"datetime": "2020-10-21 10:40:31", "elapsed": 4555.548831, "delta": 138.86831}}
{"target": -0.27032669226328887, "params": {"ff_dim": 83.50993901352786}, "datetime": {"datetime": "2020-10-21 10:42:48", "elapsed": 4693.033875, "delta": 137.485044}}
{"target": -0.27050043980280913, "params": {"ff_dim": 176.99823377575908}, "datetime": {"datetime": "2020-10-21 10:45:06", "elapsed": 4831.184528, "delta": 138.150653}}
{"target": -0.2725693766276077, "params": {"ff_dim": 214.32566931813798}, "datetime": {"datetime": "2020-10-21 10:47:27", "elapsed": 4972.434009, "delta": 141.249481}}
{"target": -0.26484717766444243, "params": {"ff_dim": 8.608645890736335}, "datetime": {"datetime": "2020-10-21 10:49:37", "elapsed": 5102.227073, "delta": 129.793064}}
{"target": -0.2690206352869705, "params": {"ff_dim": 193.0363673661318}, "datetime": {"datetime": "2020-10-21 10:52:00", "elapsed": 5244.607571, "delta": 142.380498}}
{"target": -0.26594628731410064, "params": {"ff_dim": 115.15786793139158}, "datetime": {"datetime": "2020-10-21 10:54:15", "elapsed": 5380.009721, "delta": 135.40215}}
{"target": -0.3076493326822952, "params": {"ff_dim": 234.2446701234635}, "datetime": {"datetime": "2020-10-21 10:56:35", "elapsed": 5520.288309, "delta": 140.278588}}
{"target": -0.27145560423533477, "params": {"ff_dim": 98.06425002789038}, "datetime": {"datetime": "2020-10-21 10:58:51", "elapsed": 5656.305021, "delta": 136.016712}}
{"target": -0.27094461361567534, "params": {"ff_dim": 154.2953261723211}, "datetime": {"datetime": "2020-10-21 11:01:09", "elapsed": 5793.627921, "delta": 137.3229}}
{"target": -0.2680453244845108, "params": {"ff_dim": 128.56629571328335}, "datetime": {"datetime": "2020-10-21 11:03:22", "elapsed": 5927.14035, "delta": 133.512429}}
{"target": -0.26726623217265166, "params": {"ff_dim": 68.22520209510327}, "datetime": {"datetime": "2020-10-21 11:05:34", "elapsed": 6059.418658, "delta": 132.278308}}
{"target": -0.2734580818812088, "params": {"ff_dim": 163.29604686275138}, "datetime": {"datetime": "2020-10-21 11:07:51", "elapsed": 6195.847764, "delta": 136.429106}}
{"target": -0.25633270740509123, "params": {"ff_dim": 255.99102181240966}, "datetime": {"datetime": "2020-10-21 11:10:11", "elapsed": 6336.352552, "delta": 140.504788}}
{"target": -0.25147314071655363, "params": {"ff_dim": 121.99402587065059}, "datetime": {"datetime": "2020-10-21 11:12:26", "elapsed": 6470.578069, "delta": 134.225517}}
{"target": -0.27033742109934844, "params": {"ff_dim": 19.879158934809784}, "datetime": {"datetime": "2020-10-21 11:14:35", "elapsed": 6600.006783, "delta": 129.428714}}
{"target": -0.2733878676096634, "params": {"ff_dim": 199.41218920432763}, "datetime": {"datetime": "2020-10-21 11:16:54", "elapsed": 6739.066799, "delta": 139.060016}}
{"target": -0.28759874741236724, "params": {"ff_dim": 73.23645630739004}, "datetime": {"datetime": "2020-10-21 11:19:07", "elapsed": 6872.409075, "delta": 133.342276}}
{"target": -0.2679178833961496, "params": {"ff_dim": 33.497498229554566}, "datetime": {"datetime": "2020-10-21 11:21:20", "elapsed": 7004.975648, "delta": 132.566573}}
{"target": -0.27400262991587676, "params": {"ff_dim": 63.068366391492184}, "datetime": {"datetime": "2020-10-21 11:23:31", "elapsed": 7135.968785, "delta": 130.993137}}
{"target": -0.2781740609804825, "params": {"ff_dim": 149.6003369271855}, "datetime": {"datetime": "2020-10-21 11:25:48", "elapsed": 7273.056465, "delta": 137.08768}}
{"target": -0.2731148783365921, "params": {"ff_dim": 210.16397653113492}, "datetime": {"datetime": "2020-10-21 11:28:06", "elapsed": 7411.41429, "delta": 138.357825}}
{"target": -0.27231348752975554, "params": {"ff_dim": 158.9007237772268}, "datetime": {"datetime": "2020-10-21 11:30:25", "elapsed": 7549.716075, "delta": 138.301785}}
{"target": -0.31348945538203277, "params": {"ff_dim": 253.06212687673292}, "datetime": {"datetime": "2020-10-21 11:32:45", "elapsed": 7690.372053, "delta": 140.655978}}
{"target": -0.2996757809321121, "params": {"ff_dim": 133.24763723513755}, "datetime": {"datetime": "2020-10-21 11:35:02", "elapsed": 7827.229524, "delta": 136.857471}}
{"target": -0.2692950550715164, "params": {"ff_dim": 124.9300613879577}, "datetime": {"datetime": "2020-10-21 11:37:19", "elapsed": 7963.68563, "delta": 136.456106}}
{"target": -0.27093513647715606, "params": {"ff_dim": 167.94485198883157}, "datetime": {"datetime": "2020-10-21 11:39:37", "elapsed": 8102.098515, "delta": 138.412885}}
{"target": -0.2647698640823373, "params": {"ff_dim": 119.21760182343502}, "datetime": {"datetime": "2020-10-21 11:41:53", "elapsed": 8237.582737, "delta": 135.484222}}
{"target": -0.2690695707003311, "params": {"ff_dim": 182.1411458133304}, "datetime": {"datetime": "2020-10-21 11:44:11", "elapsed": 8376.375968, "delta": 138.793231}}
{"target": -0.2671709839503006, "params": {"ff_dim": 189.41514537557407}, "datetime": {"datetime": "2020-10-21 11:46:31", "elapsed": 8515.67566, "delta": 139.299692}}
{"target": -0.2677719179789261, "params": {"ff_dim": 87.85455427012288}, "datetime": {"datetime": "2020-10-21 11:48:45", "elapsed": 8649.751601, "delta": 134.075941}}
{"target": -0.2694418613115982, "params": {"ff_dim": 218.71073750109085}, "datetime": {"datetime": "2020-10-21 11:51:04", "elapsed": 8789.51513, "delta": 139.763529}}
{"target": -0.26834895054499663, "params": {"ff_dim": 101.23116941886063}, "datetime": {"datetime": "2020-10-21 11:53:21", "elapsed": 8925.942209, "delta": 136.427079}}
{"target": -0.2615290403366098, "params": {"ff_dim": 22.942007719406796}, "datetime": {"datetime": "2020-10-21 11:55:31", "elapsed": 9056.305778, "delta": 130.363569}}
{"target": -0.266445357004805, "params": {"ff_dim": 30.984858379460242}, "datetime": {"datetime": "2020-10-21 11:57:41", "elapsed": 9186.459154, "delta": 130.153376}}
{"target": -0.2710988108317093, "params": {"ff_dim": 94.41103725685826}, "datetime": {"datetime": "2020-10-21 11:59:56", "elapsed": 9321.196716, "delta": 134.737562}}
{"target": -0.2823507372538284, "params": {"ff_dim": 202.69381158530052}, "datetime": {"datetime": "2020-10-21 12:02:13", "elapsed": 9458.467556, "delta": 137.27084}}
{"target": -0.27099331061045684, "params": {"ff_dim": 196.214609599382}, "datetime": {"datetime": "2020-10-21 12:04:33", "elapsed": 9597.880657, "delta": 139.413101}}
{"target": -0.26624507904052824, "params": {"ff_dim": 112.67734912814286}, "datetime": {"datetime": "2020-10-21 12:07:06", "elapsed": 9750.990915, "delta": 153.110258}}
{"target": -0.2754879776636795, "params": {"ff_dim": 16.39581558804539}, "datetime": {"datetime": "2020-10-21 12:09:22", "elapsed": 9887.445304, "delta": 136.454389}}
{"target": -0.2678787827491769, "params": {"ff_dim": 240.74905691540454}, "datetime": {"datetime": "2020-10-21 12:11:44", "elapsed": 10029.019724, "delta": 141.57442}}
{"target": -0.26192153692245573, "params": {"ff_dim": 6.168626121723742}, "datetime": {"datetime": "2020-10-21 12:14:00", "elapsed": 10164.64151, "delta": 135.621786}}
{"target": -0.2686910216013626, "params": {"ff_dim": 65.82236842128663}, "datetime": {"datetime": "2020-10-21 12:16:14", "elapsed": 10299.293982, "delta": 134.652472}}
{"target": -0.26755006313324065, "params": {"ff_dim": 121.36863278028605}, "datetime": {"datetime": "2020-10-21 12:18:29", "elapsed": 10434.503985, "delta": 135.210003}}
{"target": -0.2626717273394302, "params": {"ff_dim": 59.48778681804185}, "datetime": {"datetime": "2020-10-21 12:20:43", "elapsed": 10567.673101, "delta": 133.169116}}
{"target": -0.2803989235560135, "params": {"ff_dim": 36.287723649009365}, "datetime": {"datetime": "2020-10-21 12:22:53", "elapsed": 10698.178801, "delta": 130.5057}}
