{"target": -0.27241213957469024, "params": {"d_v": 109.08954518504865}, "datetime": {"datetime": "2020-10-21 00:50:26", "elapsed": 0.0, "delta": 0.0}}
{"target": -0.2656043291091928, "params": {"d_v": 185.52177234742385}, "datetime": {"datetime": "2020-10-21 00:52:39", "elapsed": 132.852829, "delta": 132.852829}}
{"target": -0.2725926820437149, "params": {"d_v": 4.028822453970911}, "datetime": {"datetime": "2020-10-21 00:54:38", "elapsed": 251.582277, "delta": 118.729448}}
{"target": -0.2725718204180435, "params": {"d_v": 80.18780830322362}, "datetime": {"datetime": "2020-10-21 00:56:41", "elapsed": 374.850397, "delta": 123.26812}}
{"target": -0.2688107077280716, "params": {"d_v": 40.98248448591249}, "datetime": {"datetime": "2020-10-21 00:58:39", "elapsed": 492.743628, "delta": 117.893231}}
{"target": -0.27190800348918, "params": {"d_v": 27.269325881737046}, "datetime": {"datetime": "2020-10-21 01:00:36", "elapsed": 609.609929, "delta": 116.866301}}
{"target": -0.27522720734278716, "params": {"d_v": 50.937573267173065}, "datetime": {"datetime": "2020-10-21 01:02:36", "elapsed": 729.467949, "delta": 119.85802}}
{"target": -0.2771690670649246, "params": {"d_v": 91.08130321484803}, "datetime": {"datetime": "2020-10-21 01:04:40", "elapsed": 854.113403, "delta": 124.645454}}
{"target": -0.3041498247782425, "params": {"d_v": 103.98540350612882}, "datetime": {"datetime": "2020-10-21 01:06:47", "elapsed": 980.597449, "delta": 126.484046}}
{"target": -0.26961292664210357, "params": {"d_v": 139.78181696884596}, "datetime": {"datetime": "2020-10-21 01:08:57", "elapsed": 1111.047102, "delta": 130.449653}}
{"target": -0.265768003463746, "params": {"d_v": 109.6370176296303}, "datetime": {"datetime": "2020-10-21 01:11:06", "elapsed": 1239.345801, "delta": 128.298699}}
{"target": -0.26879306475321807, "params": {"d_v": 176.67531409998338}, "datetime": {"datetime": "2020-10-21 01:13:19", "elapsed": 1372.383808, "delta": 133.038007}}
{"target": -0.275996822516127, "params": {"d_v": 55.521966932342394}, "datetime": {"datetime": "2020-10-21 01:15:22", "elapsed": 1495.283588, "delta": 122.89978}}
{"target": -0.2663007561365799, "params": {"d_v": 225.28559397051825}, "datetime": {"datetime": "2020-10-21 01:17:36", "elapsed": 1630.010126, "delta": 134.726538}}
{"target": -0.2754125777880386, "params": {"d_v": 10.901673485877392}, "datetime": {"datetime": "2020-10-21 01:19:33", "elapsed": 1746.374964, "delta": 116.364838}}
{"target": -0.2725914899508194, "params": {"d_v": 172.95781256495735}, "datetime": {"datetime": "2020-10-21 01:21:42", "elapsed": 1875.813692, "delta": 129.438728}}
{"target": -0.27007706801096953, "params": {"d_v": 109.160810196516}, "datetime": {"datetime": "2020-10-21 01:23:47", "elapsed": 2000.749323, "delta": 124.935631}}
{"target": -0.26804669539134063, "params": {"d_v": 144.78983676832942}, "datetime": {"datetime": "2020-10-21 01:25:55", "elapsed": 2128.742736, "delta": 127.993413}}
{"target": -0.27811529080073394, "params": {"d_v": 39.37750852599891}, "datetime": {"datetime": "2020-10-21 01:27:55", "elapsed": 2248.761892, "delta": 120.019156}}
{"target": -0.27792562882105865, "params": {"d_v": 53.921575249389456}, "datetime": {"datetime": "2020-10-21 01:29:56", "elapsed": 2369.405616, "delta": 120.643724}}
{"target": -0.2670177936553964, "params": {"d_v": 205.78763130623526}, "datetime": {"datetime": "2020-10-21 01:32:09", "elapsed": 2502.156354, "delta": 132.750738}}
{"target": -0.27183546463648833, "params": {"d_v": 248.00191708128818}, "datetime": {"datetime": "2020-10-21 01:34:23", "elapsed": 2636.154239, "delta": 133.997885}}
{"target": -0.2755083624521927, "params": {"d_v": 82.9828928961292}, "datetime": {"datetime": "2020-10-21 01:36:26", "elapsed": 2759.695601, "delta": 123.541362}}
{"target": -0.27076049486796416, "params": {"d_v": 178.46529914866716}, "datetime": {"datetime": "2020-10-21 01:38:38", "elapsed": 2892.023956, "delta": 132.328355}}
{"target": -0.26701553503672637, "params": {"d_v": 224.85006637860167}, "datetime": {"datetime": "2020-10-21 01:40:51", "elapsed": 3024.22621, "delta": 132.202254}}
{"target": -0.28239114920298614, "params": {"d_v": 229.4408792029695}, "datetime": {"datetime": "2020-10-21 01:43:05", "elapsed": 3159.029825, "delta": 134.803615}}
{"target": -0.2647803544998178, "params": {"d_v": 25.431141265184035}, "datetime": {"datetime": "2020-10-21 01:45:05", "elapsed": 3278.965918, "delta": 119.936093}}
{"target": -0.26831867138545074, "params": {"d_v": 13.841805374686356}, "datetime": {"datetime": "2020-10-21 01:47:06", "elapsed": 3399.753774, "delta": 120.787856}}
{"target": -0.26865430514018096, "params": {"d_v": 46.79726573027136}, "datetime": {"datetime": "2020-10-21 01:49:10", "elapsed": 3523.330175, "delta": 123.576401}}
{"target": -0.26966739892959685, "params": {"d_v": 225.2919108642121}, "datetime": {"datetime": "2020-10-21 01:51:25", "elapsed": 3658.401028, "delta": 135.070853}}
{"target": -0.2670461654663095, "params": {"d_v": 28.783402125928625}, "datetime": {"datetime": "2020-10-21 01:53:27", "elapsed": 3780.777337, "delta": 122.376309}}
{"target": -0.2662275616327957, "params": {"d_v": 110.11912150127314}, "datetime": {"datetime": "2020-10-21 01:55:34", "elapsed": 3907.946008, "delta": 127.168671}}
{"target": -0.26835377852122344, "params": {"d_v": 245.38816159792648}, "datetime": {"datetime": "2020-10-21 01:57:50", "elapsed": 4043.304123, "delta": 135.358115}}
{"target": -0.26921208540598907, "params": {"d_v": 138.3576518132003}, "datetime": {"datetime": "2020-10-21 01:59:58", "elapsed": 4172.139299, "delta": 128.835176}}
{"target": -0.26800139586131133, "params": {"d_v": 178.35303271551928}, "datetime": {"datetime": "2020-10-21 02:02:12", "elapsed": 4305.187313, "delta": 133.048014}}
{"target": -0.2688194100062088, "params": {"d_v": 83.50993901352786}, "datetime": {"datetime": "2020-10-21 02:04:17", "elapsed": 4430.630576, "delta": 125.443263}}
{"target": -0.27666493097941436, "params": {"d_v": 176.99823377575908}, "datetime": {"datetime": "2020-10-21 02:06:28", "elapsed": 4561.696791, "delta": 131.066215}}
{"target": -0.27206965128581084, "params": {"d_v": 214.32566931813798}, "datetime": {"datetime": "2020-10-21 02:08:44", "elapsed": 4697.543351, "delta": 135.84656}}
{"target": -0.26695163885752715, "params": {"d_v": 8.608645890736335}, "datetime": {"datetime": "2020-10-21 02:10:42", "elapsed": 4816.060143, "delta": 118.516792}}
{"target": -0.29475047032038726, "params": {"d_v": 193.0363673661318}, "datetime": {"datetime": "2020-10-21 02:12:59", "elapsed": 4952.533272, "delta": 136.473129}}
{"target": -0.2725088779131607, "params": {"d_v": 123.71278666831653}, "datetime": {"datetime": "2020-10-21 02:15:12", "elapsed": 5085.419149, "delta": 132.885877}}
{"target": -0.2760358635584549, "params": {"d_v": 158.50234115877058}, "datetime": {"datetime": "2020-10-21 02:17:24", "elapsed": 5218.059786, "delta": 132.640637}}
{"target": -0.26952846686045684, "params": {"d_v": 255.96535674029985}, "datetime": {"datetime": "2020-10-21 02:19:44", "elapsed": 5357.413534, "delta": 139.353748}}
{"target": -0.26654692331950225, "params": {"d_v": 68.28614393613576}, "datetime": {"datetime": "2020-10-21 02:21:51", "elapsed": 5485.032613, "delta": 127.619079}}
{"target": -0.26721515099207915, "params": {"d_v": 116.77186309087729}, "datetime": {"datetime": "2020-10-21 02:24:05", "elapsed": 5618.357873, "delta": 133.32526}}
{"target": -0.26752467791239776, "params": {"d_v": 19.67699138544772}, "datetime": {"datetime": "2020-10-21 02:26:07", "elapsed": 5740.954392, "delta": 122.596519}}
{"target": -0.3200335089365677, "params": {"d_v": 151.76861876012967}, "datetime": {"datetime": "2020-10-21 02:28:17", "elapsed": 5870.197134, "delta": 129.242742}}
{"target": -0.2694271389643387, "params": {"d_v": 164.7892654745875}, "datetime": {"datetime": "2020-10-21 02:30:28", "elapsed": 6001.234311, "delta": 131.037177}}
{"target": -0.2812773768107132, "params": {"d_v": 130.57717742433454}, "datetime": {"datetime": "2020-10-21 02:32:36", "elapsed": 6130.054472, "delta": 128.820161}}
{"target": -0.26680387894312896, "params": {"d_v": 73.71864501617537}, "datetime": {"datetime": "2020-10-21 02:34:39", "elapsed": 6252.966816, "delta": 122.912344}}
{"target": -0.26914812326431364, "params": {"d_v": 238.4430340925581}, "datetime": {"datetime": "2020-10-21 02:36:55", "elapsed": 6388.560137, "delta": 135.593321}}
{"target": -0.2699788395563797, "params": {"d_v": 62.541833586931816}, "datetime": {"datetime": "2020-10-21 02:38:56", "elapsed": 6509.629281, "delta": 121.069144}}
{"target": -0.25751729011535734, "params": {"d_v": 219.79009147716081}, "datetime": {"datetime": "2020-10-21 02:41:11", "elapsed": 6644.235718, "delta": 134.606437}}
{"target": -0.2730400149027542, "params": {"d_v": 200.99306464757493}, "datetime": {"datetime": "2020-10-21 02:43:24", "elapsed": 6777.970948, "delta": 133.73523}}
{"target": -0.2661008358001718, "params": {"d_v": 87.36159954264735}, "datetime": {"datetime": "2020-10-21 02:45:31", "elapsed": 6904.792296, "delta": 126.821348}}
{"target": -0.27091218868891753, "params": {"d_v": 113.15488659121043}, "datetime": {"datetime": "2020-10-21 02:47:39", "elapsed": 7032.748259, "delta": 127.955963}}
{"target": -0.26901372114817657, "params": {"d_v": 182.58041467437772}, "datetime": {"datetime": "2020-10-21 02:49:53", "elapsed": 7166.39481, "delta": 133.646551}}
{"target": -0.2630110502243051, "params": {"d_v": 221.64952356262927}, "datetime": {"datetime": "2020-10-21 02:52:08", "elapsed": 7301.567773, "delta": 135.172963}}
{"target": -0.26633293628692717, "params": {"d_v": 252.98803205537902}, "datetime": {"datetime": "2020-10-21 02:54:23", "elapsed": 7436.443845, "delta": 134.876072}}
{"target": -0.2699341956774429, "params": {"d_v": 217.95250955386976}, "datetime": {"datetime": "2020-10-21 02:56:37", "elapsed": 7570.807048, "delta": 134.363203}}
{"target": -0.27094627618789763, "params": {"d_v": 209.84730548134831}, "datetime": {"datetime": "2020-10-21 02:58:51", "elapsed": 7704.861969, "delta": 134.054921}}
{"target": -0.26637632846832365, "params": {"d_v": 32.66498062720573}, "datetime": {"datetime": "2020-10-21 03:00:50", "elapsed": 7823.34673, "delta": 118.484761}}
{"target": -0.2724519554774002, "params": {"d_v": 241.68166368268868}, "datetime": {"datetime": "2020-10-21 03:03:05", "elapsed": 7958.328495, "delta": 134.981765}}
{"target": -0.268603343168898, "params": {"d_v": 120.12840916329446}, "datetime": {"datetime": "2020-10-21 03:05:09", "elapsed": 8082.992876, "delta": 124.664381}}
{"target": -0.270781773726149, "params": {"d_v": 161.72606739853072}, "datetime": {"datetime": "2020-10-21 03:07:22", "elapsed": 8215.947798, "delta": 132.954922}}
{"target": -0.2655640959739694, "params": {"d_v": 22.848370747620233}, "datetime": {"datetime": "2020-10-21 03:09:21", "elapsed": 8334.470594, "delta": 118.522796}}
{"target": -0.26880617777506866, "params": {"d_v": 43.777645735108095}, "datetime": {"datetime": "2020-10-21 03:11:21", "elapsed": 8454.773007, "delta": 120.302413}}
{"target": -0.27785392443339385, "params": {"d_v": 168.66608960847796}, "datetime": {"datetime": "2020-10-21 03:13:31", "elapsed": 8584.192339, "delta": 129.419332}}
{"target": -0.2752719704310135, "params": {"d_v": 6.281946827460651}, "datetime": {"datetime": "2020-10-21 03:15:26", "elapsed": 8699.893592, "delta": 115.701253}}
{"target": -0.271122235457106, "params": {"d_v": 96.59392302541922}, "datetime": {"datetime": "2020-10-21 03:17:32", "elapsed": 8825.688008, "delta": 125.794416}}
{"target": -0.27170952002207793, "params": {"d_v": 76.68153809690469}, "datetime": {"datetime": "2020-10-21 03:19:36", "elapsed": 8949.425559, "delta": 123.737551}}
{"target": -0.27241070906321563, "params": {"d_v": 234.92852475217697}, "datetime": {"datetime": "2020-10-21 03:21:51", "elapsed": 9085.016899, "delta": 135.59134}}
{"target": -0.26746805349986114, "params": {"d_v": 16.61854099214012}, "datetime": {"datetime": "2020-10-21 03:23:51", "elapsed": 9204.288375, "delta": 119.271476}}
{"target": -0.26842899958293, "params": {"d_v": 70.91788139145953}, "datetime": {"datetime": "2020-10-21 03:25:52", "elapsed": 9325.191352, "delta": 120.902977}}
{"target": -0.2683522288004593, "params": {"d_v": 188.18968970584137}, "datetime": {"datetime": "2020-10-21 03:28:01", "elapsed": 9454.23474, "delta": 129.043388}}
{"target": -0.2661304060618118, "params": {"d_v": 134.80592567689516}, "datetime": {"datetime": "2020-10-21 03:30:12", "elapsed": 9585.402051, "delta": 131.167311}}
{"target": -0.2686123434702591, "params": {"d_v": 65.47728247740116}, "datetime": {"datetime": "2020-10-21 03:32:17", "elapsed": 9710.157514, "delta": 124.755463}}
{"target": -0.274484473864241, "params": {"d_v": 220.29454944506082}, "datetime": {"datetime": "2020-10-21 03:34:32", "elapsed": 9845.759847, "delta": 135.602333}}
{"target": -0.26831765810648955, "params": {"d_v": 142.76768867172046}, "datetime": {"datetime": "2020-10-21 03:36:40", "elapsed": 9973.633154, "delta": 127.873307}}
{"target": -0.26835687796275176, "params": {"d_v": 30.943098058430863}, "datetime": {"datetime": "2020-10-21 03:38:41", "elapsed": 10094.482071, "delta": 120.848917}}
