{"target": -0.27208805084228516, "params": {"memory": 205.78763130623526, "sample_lenght": 248.00191708128818}, "datetime": {"datetime": "2020-10-11 09:58:37", "elapsed": 0.0, "delta": 0.0}}
{"target": -0.27208805084228516, "params": {"memory": 205.78763130623526, "sample_lenght": 248.00191708128818}, "datetime": {"datetime": "2020-10-11 09:58:37", "elapsed": 0.0, "delta": 0.0}}
{"target": -0.27208805084228516, "params": {"memory": 205.78763130623526, "sample_lenght": 248.00191708128818}, "datetime": {"datetime": "2020-10-11 09:58:37", "elapsed": 0.0, "delta": 0.0}}
{"target": -0.27208805084228516, "params": {"memory": 205.78763130623526, "sample_lenght": 248.00191708128818}, "datetime": {"datetime": "2020-10-11 09:58:37", "elapsed": 0.0, "delta": 0.0}}
{"target": -0.27208805084228516, "params": {"memory": 205.78763130623526, "sample_lenght": 248.00191708128818}, "datetime": {"datetime": "2020-10-11 09:58:37", "elapsed": 0.001001, "delta": 0.001001}}
{"target": -0.27208805084228516, "params": {"memory": 205.78763130623526, "sample_lenght": 248.00191708128818}, "datetime": {"datetime": "2020-10-11 09:58:37", "elapsed": 0.001001, "delta": 0.0}}
{"target": -0.27208805084228516, "params": {"memory": 205.78763130623526, "sample_lenght": 248.00191708128818}, "datetime": {"datetime": "2020-10-11 09:58:37", "elapsed": 0.001001, "delta": 0.0}}
{"target": -0.27208805084228516, "params": {"memory": 205.78763130623526, "sample_lenght": 248.00191708128818}, "datetime": {"datetime": "2020-10-11 09:58:37", "elapsed": 0.001001, "delta": 0.0}}
{"target": -0.27208805084228516, "params": {"memory": 205.78763130623526, "sample_lenght": 248.00191708128818}, "datetime": {"datetime": "2020-10-11 09:58:37", "elapsed": 0.001001, "delta": 0.0}}
{"target": -0.27208805084228516, "params": {"memory": 205.78763130623526, "sample_lenght": 248.00191708128818}, "datetime": {"datetime": "2020-10-11 09:58:37", "elapsed": 0.001001, "delta": 0.0}}
{"target": -0.27208805084228516, "params": {"memory": 205.78763130623526, "sample_lenght": 248.00191708128818}, "datetime": {"datetime": "2020-10-11 09:58:37", "elapsed": 0.001001, "delta": 0.0}}
{"target": -0.5022032952308655, "params": {"memory": 82.9828928961292, "sample_lenght": 178.46529914866716}, "datetime": {"datetime": "2020-10-11 10:02:02", "elapsed": 205.098327, "delta": 205.097326}}
{"target": -0.2714657783508301, "params": {"memory": 224.85006637860167, "sample_lenght": 229.4408792029695}, "datetime": {"datetime": "2020-10-11 10:06:40", "elapsed": 483.762372, "delta": 278.664045}}
{"target": -0.45929784536361695, "params": {"memory": 25.431141265184035, "sample_lenght": 13.841805374686356}, "datetime": {"datetime": "2020-10-11 10:06:57", "elapsed": 500.084231, "delta": 16.321859}}
{"target": -0.3869456148147583, "params": {"memory": 46.79726573027136, "sample_lenght": 225.2919108642121}, "datetime": {"datetime": "2020-10-11 10:10:39", "elapsed": 722.001994, "delta": 221.917763}}
{"target": -0.4290608859062195, "params": {"memory": 28.783402125928625, "sample_lenght": 110.11912150127314}, "datetime": {"datetime": "2020-10-11 10:12:26", "elapsed": 829.185562, "delta": 107.183568}}
{"target": -0.4221139645576477, "params": {"memory": 245.38816159792648, "sample_lenght": 138.3576518132003}, "datetime": {"datetime": "2020-10-11 10:15:20", "elapsed": 1003.369125, "delta": 174.183563}}
{"target": -0.4850405550003052, "params": {"memory": 178.35303271551928, "sample_lenght": 83.50993901352786}, "datetime": {"datetime": "2020-10-11 10:17:03", "elapsed": 1106.351877, "delta": 102.982752}}
{"target": -0.3878212666511536, "params": {"memory": 176.99823377575908, "sample_lenght": 214.32566931813798}, "datetime": {"datetime": "2020-10-11 10:21:15", "elapsed": 1358.541442, "delta": 252.189565}}
{"target": -0.5766088461875916, "params": {"memory": 8.608645890736335, "sample_lenght": 193.0363673661318}, "datetime": {"datetime": "2020-10-11 10:24:15", "elapsed": 1538.552307, "delta": 180.010865}}
{"target": -0.3960750102996826, "params": {"memory": 253.19299440443666, "sample_lenght": 192.53774490371953}, "datetime": {"datetime": "2020-10-11 10:28:16", "elapsed": 1779.772235, "delta": 241.219928}}
{"target": -0.4037882685661316, "params": {"memory": 74.6718860002301, "sample_lenght": 202.89839076977512}, "datetime": {"datetime": "2020-10-11 10:31:57", "elapsed": 2000.754395, "delta": 220.98216}}
{"target": -0.4723767137527466, "params": {"memory": 30.01295365756579, "sample_lenght": 116.86916859632811}, "datetime": {"datetime": "2020-10-11 10:33:49", "elapsed": 2112.362996, "delta": 111.608601}}
{"target": -0.43105889320373536, "params": {"memory": 232.96606677946008, "sample_lenght": 77.99076539016723}, "datetime": {"datetime": "2020-10-11 10:35:31", "elapsed": 2214.185018, "delta": 101.822022}}
{"target": -0.4240821695327759, "params": {"memory": 76.51938532375988, "sample_lenght": 36.767200173805975}, "datetime": {"datetime": "2020-10-11 10:36:15", "elapsed": 2258.128019, "delta": 43.943001}}
{"target": -0.44651055335998535, "params": {"memory": 152.7130490216213, "sample_lenght": 171.02179963373197}, "datetime": {"datetime": "2020-10-11 10:39:35", "elapsed": 2457.881854, "delta": 199.753835}}
{"target": -0.41860049962997437, "params": {"memory": 128.6881695040684, "sample_lenght": 254.91639931886434}, "datetime": {"datetime": "2020-10-11 10:44:11", "elapsed": 2734.22946, "delta": 276.347606}}
{"target": -0.3686635494232178, "params": {"memory": 256.0, "sample_lenght": 4.0}, "datetime": {"datetime": "2020-10-11 10:44:20", "elapsed": 2743.768136, "delta": 9.538676}}
{"target": -0.5564294147491455, "params": {"memory": 161.70616313261047, "sample_lenght": 4.0}, "datetime": {"datetime": "2020-10-11 10:44:29", "elapsed": 2752.755317, "delta": 8.987181}}
{"target": -0.49463183641433717, "params": {"memory": 4.0, "sample_lenght": 256.0}, "datetime": {"datetime": "2020-10-11 10:48:24", "elapsed": 2987.174718, "delta": 234.419401}}
{"target": -0.42729026079177856, "params": {"memory": 256.0, "sample_lenght": 256.0}, "datetime": {"datetime": "2020-10-11 10:53:43", "elapsed": 3305.813573, "delta": 318.638855}}
{"target": -0.43245227098464967, "params": {"memory": 135.00772145909784, "sample_lenght": 210.6180262447174}, "datetime": {"datetime": "2020-10-11 10:57:53", "elapsed": 3556.233597, "delta": 250.420024}}
{"target": -0.4303665256500244, "params": {"memory": 123.56292565805866, "sample_lenght": 70.55785046668335}, "datetime": {"datetime": "2020-10-11 10:59:15", "elapsed": 3638.754717, "delta": 82.52112}}
{"target": -0.4482308912277222, "params": {"memory": 108.25906099804422, "sample_lenght": 4.0}, "datetime": {"datetime": "2020-10-11 10:59:24", "elapsed": 3647.023245, "delta": 8.268528}}
{"target": -0.39391512632369996, "params": {"memory": 210.0953285498485, "sample_lenght": 27.85705258574148}, "datetime": {"datetime": "2020-10-11 11:00:03", "elapsed": 3686.437123, "delta": 39.413878}}
{"target": -0.4628423547744751, "params": {"memory": 49.570586911256164, "sample_lenght": 169.65762446233057}, "datetime": {"datetime": "2020-10-11 11:02:52", "elapsed": 3855.582093, "delta": 169.14497}}
{"target": -0.43411595582962037, "params": {"memory": 83.15585761029881, "sample_lenght": 256.0}, "datetime": {"datetime": "2020-10-11 11:07:25", "elapsed": 4128.338392, "delta": 272.756299}}
{"target": -0.42376556396484377, "params": {"memory": 255.34756331719285, "sample_lenght": 47.9889891959863}, "datetime": {"datetime": "2020-10-11 11:08:32", "elapsed": 4195.715724, "delta": 67.377332}}
{"target": -0.5375989174842835, "params": {"memory": 148.16533148807872, "sample_lenght": 118.49869570166435}, "datetime": {"datetime": "2020-10-11 11:11:00", "elapsed": 4343.178968, "delta": 147.463244}}
{"target": -0.42793959379196167, "params": {"memory": 202.8664470934481, "sample_lenght": 122.20938096704732}, "datetime": {"datetime": "2020-10-11 11:13:29", "elapsed": 4492.03447, "delta": 148.855502}}
{"target": -0.4455437159538269, "params": {"memory": 168.67789420199696, "sample_lenght": 256.0}, "datetime": {"datetime": "2020-10-11 11:18:28", "elapsed": 4791.223182, "delta": 299.188712}}
{"target": -0.34575843811035156, "params": {"memory": 156.51096125960316, "sample_lenght": 43.857993216515354}, "datetime": {"datetime": "2020-10-11 11:19:24", "elapsed": 4847.194134, "delta": 55.970952}}
{"target": -0.335601806640625, "params": {"memory": 254.5022493181719, "sample_lenght": 105.08547510312856}, "datetime": {"datetime": "2020-10-11 11:21:40", "elapsed": 4983.393115, "delta": 136.198981}}
{"target": -0.36426520347595215, "params": {"memory": 66.40106825537707, "sample_lenght": 4.0}, "datetime": {"datetime": "2020-10-11 11:21:48", "elapsed": 4991.732707, "delta": 8.339592}}
{"target": -0.5353588557243347, "params": {"memory": 4.0, "sample_lenght": 130.3883320375271}, "datetime": {"datetime": "2020-10-11 11:23:49", "elapsed": 5112.648778, "delta": 120.916071}}
{"target": -0.5790340995788574, "params": {"memory": 4.0, "sample_lenght": 36.66085345355831}, "datetime": {"datetime": "2020-10-11 11:24:26", "elapsed": 5149.144002, "delta": 36.495224}}
{"target": -0.4355344271659851, "params": {"memory": 44.31853154832663, "sample_lenght": 254.89596817754563}, "datetime": {"datetime": "2020-10-11 11:28:34", "elapsed": 5396.859599, "delta": 247.715597}}
{"target": -0.44872278928756715, "params": {"memory": 218.051725331834, "sample_lenght": 4.506918269837734}, "datetime": {"datetime": "2020-10-11 11:28:43", "elapsed": 5406.368256, "delta": 9.508657}}
{"target": -0.39363927602767945, "params": {"memory": 91.99802475926975, "sample_lenght": 88.85958532747776}, "datetime": {"datetime": "2020-10-11 11:30:25", "elapsed": 5508.721429, "delta": 102.353173}}
{"target": -0.38226545810699464, "params": {"memory": 131.84636199532395, "sample_lenght": 186.0784895096938}, "datetime": {"datetime": "2020-10-11 11:34:04", "elapsed": 5726.825135, "delta": 218.103706}}
{"target": -0.45592814683914185, "params": {"memory": 178.49047979944245, "sample_lenght": 148.22968947437343}, "datetime": {"datetime": "2020-10-11 11:36:59", "elapsed": 5902.487033, "delta": 175.661898}}
{"target": -0.44895041942596436, "params": {"memory": 105.5541964374411, "sample_lenght": 227.54546765076242}, "datetime": {"datetime": "2020-10-11 11:41:03", "elapsed": 6145.828638, "delta": 243.341605}}
{"target": -0.421751925945282, "params": {"memory": 119.79930995492401, "sample_lenght": 36.00966854350345}, "datetime": {"datetime": "2020-10-11 11:41:47", "elapsed": 6190.36517, "delta": 44.536532}}
{"target": -0.359386682510376, "params": {"memory": 255.78555918216853, "sample_lenght": 223.88995628057657}, "datetime": {"datetime": "2020-10-11 11:46:27", "elapsed": 6470.168897, "delta": 279.803727}}
{"target": -0.4180854058265686, "params": {"memory": 207.64495817322597, "sample_lenght": 203.17024850380628}, "datetime": {"datetime": "2020-10-11 11:50:31", "elapsed": 6714.068086, "delta": 243.899189}}
{"target": -0.4182605838775635, "params": {"memory": 109.08954518504865, "sample_lenght": 185.52177234742385}, "datetime": {"datetime": "2020-10-10 20:02:33", "elapsed": 0.0, "delta": 0.0}}
{"target": -0.5891288018226624, "params": {"memory": 4.028822453970911, "sample_lenght": 80.18780830322362}, "datetime": {"datetime": "2020-10-10 20:02:55", "elapsed": 21.717606, "delta": 21.717606}}
{"target": -0.5115528798103333, "params": {"memory": 107.81050167121126, "sample_lenght": 185.1260182189571}, "datetime": {"datetime": "2020-10-10 20:06:51", "elapsed": 257.674657, "delta": 235.957051}}
{"target": -0.4546242356300354, "params": {"memory": 213.16048078760394, "sample_lenght": 170.35475512400546}, "datetime": {"datetime": "2020-10-10 20:15:47", "elapsed": 793.845409, "delta": 536.170752}}
{"target": -0.4182605838775635, "params": {"memory": 109.08954518504865, "sample_lenght": 185.52177234742385}, "datetime": {"datetime": "2020-10-10 20:02:23", "elapsed": 0.0, "delta": 0.0}}
{"target": -0.4546242356300354, "params": {"memory": 213.16048078760394, "sample_lenght": 170.35475512400546}, "datetime": {"datetime": "2020-10-10 20:29:56", "elapsed": 0.0, "delta": 0.0}}
{"target": -0.4546242356300354, "params": {"memory": 213.16048078760394, "sample_lenght": 170.35475512400546}, "datetime": {"datetime": "2020-10-10 20:29:56", "elapsed": 0.0, "delta": 0.0}}
{"target": -0.46597034692764283, "params": {"memory": 40.98248448591249, "sample_lenght": 27.269325881737046}, "datetime": {"datetime": "2020-10-10 20:30:35", "elapsed": 38.932893, "delta": 38.932893}}
{"target": -0.4935750460624695, "params": {"memory": 50.937573267173065, "sample_lenght": 91.08130321484803}, "datetime": {"datetime": "2020-10-10 20:32:05", "elapsed": 129.365687, "delta": 90.432794}}
{"target": -0.4794066047668457, "params": {"memory": 103.98540350612882, "sample_lenght": 139.78181696884596}, "datetime": {"datetime": "2020-10-10 20:34:33", "elapsed": 277.828978, "delta": 148.463291}}
{"target": -0.4779173827171326, "params": {"memory": 109.6370176296303, "sample_lenght": 176.67531409998338}, "datetime": {"datetime": "2020-10-10 20:37:41", "elapsed": 465.523714, "delta": 187.694736}}
{"target": -0.39039404153823853, "params": {"memory": 55.521966932342394, "sample_lenght": 225.28559397051825}, "datetime": {"datetime": "2020-10-10 20:41:26", "elapsed": 690.46233, "delta": 224.938616}}
{"target": -0.49562639951705934, "params": {"memory": 10.901673485877392, "sample_lenght": 172.95781256495735}, "datetime": {"datetime": "2020-10-10 20:44:01", "elapsed": 845.732563, "delta": 155.270233}}
{"target": -0.4066416120529175, "params": {"memory": 109.160810196516, "sample_lenght": 144.78983676832942}, "datetime": {"datetime": "2020-10-10 20:46:42", "elapsed": 1006.374789, "delta": 160.642226}}
{"target": -0.47626007556915284, "params": {"memory": 39.37750852599891, "sample_lenght": 53.921575249389456}, "datetime": {"datetime": "2020-10-10 20:47:37", "elapsed": 1061.102296, "delta": 54.727507}}
{"target": -0.27208805084228516, "params": {"memory": 205.78763130623526, "sample_lenght": 248.00191708128818}, "datetime": {"datetime": "2020-10-10 20:52:31", "elapsed": 1355.293191, "delta": 294.190895}}
